0 info it worked if it ends with ok
1 verbose cli [ '/usr/bin/node', '/usr/bin/npm', 'install' ]
2 info using npm@3.10.6
3 info using node@v6.5.0
4 silly loadCurrentTree Starting
5 silly install loadCurrentTree
6 silly install readLocalPackageData
7 silly install normalizeTree
8 silly loadCurrentTree Finishing
9 silly loadIdealTree Starting
10 silly install loadIdealTree
11 silly cloneCurrentTree Starting
12 silly install cloneCurrentTreeToIdealTree
13 silly cloneCurrentTree Finishing
14 silly loadShrinkwrap Starting
15 silly install loadShrinkwrap
16 silly loadShrinkwrap Finishing
17 silly loadAllDepsIntoIdealTree Starting
18 silly install loadAllDepsIntoIdealTree
19 silly fetchNamedPackageData appdmg-tf
20 silly mapToRegistry name appdmg-tf
21 silly mapToRegistry using default registry
22 silly mapToRegistry registry https://registry.npmjs.org/
23 silly mapToRegistry data Result {
23 silly mapToRegistry   raw: 'appdmg-tf',
23 silly mapToRegistry   scope: null,
23 silly mapToRegistry   escapedName: 'appdmg-tf',
23 silly mapToRegistry   name: 'appdmg-tf',
23 silly mapToRegistry   rawSpec: '',
23 silly mapToRegistry   spec: 'latest',
23 silly mapToRegistry   type: 'tag' }
24 silly mapToRegistry uri https://registry.npmjs.org/appdmg-tf
25 verbose request uri https://registry.npmjs.org/appdmg-tf
26 verbose request no auth needed
27 info attempt registry request try #1 at 1:29:11 PM
28 verbose request id f1c5fba79d1ba057
29 verbose etag "8A9JQK31A1362OD4A4P9AMWVP"
30 http request GET https://registry.npmjs.org/appdmg-tf
31 http 304 https://registry.npmjs.org/appdmg-tf
32 verbose headers { date: 'Mon, 19 Sep 2016 20:29:50 GMT',
32 verbose headers   via: '1.1 varnish',
32 verbose headers   'cache-control': 'max-age=300',
32 verbose headers   etag: '"8A9JQK31A1362OD4A4P9AMWVP"',
32 verbose headers   age: '69',
32 verbose headers   connection: 'keep-alive',
32 verbose headers   'x-served-by': 'cache-sjc3128-SJC',
32 verbose headers   'x-cache': 'HIT',
32 verbose headers   'x-cache-hits': '1',
32 verbose headers   'x-timer': 'S1474316990.501743,VS0,VE0',
32 verbose headers   vary: 'Accept-Encoding' }
33 silly get cb [ 304,
33 silly get   { date: 'Mon, 19 Sep 2016 20:29:50 GMT',
33 silly get     via: '1.1 varnish',
33 silly get     'cache-control': 'max-age=300',
33 silly get     etag: '"8A9JQK31A1362OD4A4P9AMWVP"',
33 silly get     age: '69',
33 silly get     connection: 'keep-alive',
33 silly get     'x-served-by': 'cache-sjc3128-SJC',
33 silly get     'x-cache': 'HIT',
33 silly get     'x-cache-hits': '1',
33 silly get     'x-timer': 'S1474316990.501743,VS0,VE0',
33 silly get     vary: 'Accept-Encoding' } ]
34 verbose etag https://registry.npmjs.org/appdmg-tf from cache
35 verbose get saving appdmg-tf to /home/pranav/.npm/registry.npmjs.org/appdmg-tf/.cache.json
36 verbose correctMkdir /home/pranav/.npm correctMkdir not in flight; initializing
37 silly resolveWithNewModule appdmg-tf@0.4.9 checking installable status
38 silly fetchNamedPackageData 7zip-bin-osx
39 silly mapToRegistry name 7zip-bin-osx
40 silly mapToRegistry using default registry
41 silly mapToRegistry registry https://registry.npmjs.org/
42 silly mapToRegistry data Result {
42 silly mapToRegistry   raw: '7zip-bin-osx',
42 silly mapToRegistry   scope: null,
42 silly mapToRegistry   escapedName: '7zip-bin-osx',
42 silly mapToRegistry   name: '7zip-bin-osx',
42 silly mapToRegistry   rawSpec: '',
42 silly mapToRegistry   spec: 'latest',
42 silly mapToRegistry   type: 'tag' }
43 silly mapToRegistry uri https://registry.npmjs.org/7zip-bin-osx
44 silly fetchNamedPackageData 7zip-bin-win
45 silly mapToRegistry name 7zip-bin-win
46 silly mapToRegistry using default registry
47 silly mapToRegistry registry https://registry.npmjs.org/
48 silly mapToRegistry data Result {
48 silly mapToRegistry   raw: '7zip-bin-win',
48 silly mapToRegistry   scope: null,
48 silly mapToRegistry   escapedName: '7zip-bin-win',
48 silly mapToRegistry   name: '7zip-bin-win',
48 silly mapToRegistry   rawSpec: '',
48 silly mapToRegistry   spec: 'latest',
48 silly mapToRegistry   type: 'tag' }
49 silly mapToRegistry uri https://registry.npmjs.org/7zip-bin-win
50 verbose request uri https://registry.npmjs.org/7zip-bin-osx
51 verbose request no auth needed
52 info attempt registry request try #1 at 1:29:11 PM
53 verbose etag "DL2WXJG65199CAINMDKFVDV5I"
54 http request GET https://registry.npmjs.org/7zip-bin-osx
55 verbose request uri https://registry.npmjs.org/7zip-bin-win
56 verbose request no auth needed
57 info attempt registry request try #1 at 1:29:11 PM
58 verbose etag "EDVYVRF4QXEIOG2BXB19DHIU9"
59 http request GET https://registry.npmjs.org/7zip-bin-win
60 http 304 https://registry.npmjs.org/7zip-bin-osx
61 verbose headers { date: 'Mon, 19 Sep 2016 20:29:50 GMT',
61 verbose headers   via: '1.1 varnish',
61 verbose headers   'cache-control': 'max-age=300',
61 verbose headers   etag: '"DL2WXJG65199CAINMDKFVDV5I"',
61 verbose headers   age: '69',
61 verbose headers   connection: 'keep-alive',
61 verbose headers   'x-served-by': 'cache-sjc3128-SJC',
61 verbose headers   'x-cache': 'HIT',
61 verbose headers   'x-cache-hits': '1',
61 verbose headers   'x-timer': 'S1474316990.541540,VS0,VE0',
61 verbose headers   vary: 'Accept-Encoding' }
62 silly get cb [ 304,
62 silly get   { date: 'Mon, 19 Sep 2016 20:29:50 GMT',
62 silly get     via: '1.1 varnish',
62 silly get     'cache-control': 'max-age=300',
62 silly get     etag: '"DL2WXJG65199CAINMDKFVDV5I"',
62 silly get     age: '69',
62 silly get     connection: 'keep-alive',
62 silly get     'x-served-by': 'cache-sjc3128-SJC',
62 silly get     'x-cache': 'HIT',
62 silly get     'x-cache-hits': '1',
62 silly get     'x-timer': 'S1474316990.541540,VS0,VE0',
62 silly get     vary: 'Accept-Encoding' } ]
63 verbose etag https://registry.npmjs.org/7zip-bin-osx from cache
64 verbose get saving 7zip-bin-osx to /home/pranav/.npm/registry.npmjs.org/7zip-bin-osx/.cache.json
65 verbose correctMkdir /home/pranav/.npm correctMkdir not in flight; initializing
66 silly resolveWithNewModule 7zip-bin-osx@1.0.0 checking installable status
67 http 304 https://registry.npmjs.org/7zip-bin-win
68 verbose headers { date: 'Mon, 19 Sep 2016 20:29:50 GMT',
68 verbose headers   via: '1.1 varnish',
68 verbose headers   'cache-control': 'max-age=300',
68 verbose headers   etag: '"EDVYVRF4QXEIOG2BXB19DHIU9"',
68 verbose headers   age: '0',
68 verbose headers   connection: 'keep-alive',
68 verbose headers   'x-served-by': 'cache-sjc3624-SJC',
68 verbose headers   'x-cache': 'HIT',
68 verbose headers   'x-cache-hits': '1',
68 verbose headers   'x-timer': 'S1474316990.558629,VS0,VE32',
68 verbose headers   vary: 'Accept-Encoding' }
69 silly get cb [ 304,
69 silly get   { date: 'Mon, 19 Sep 2016 20:29:50 GMT',
69 silly get     via: '1.1 varnish',
69 silly get     'cache-control': 'max-age=300',
69 silly get     etag: '"EDVYVRF4QXEIOG2BXB19DHIU9"',
69 silly get     age: '0',
69 silly get     connection: 'keep-alive',
69 silly get     'x-served-by': 'cache-sjc3624-SJC',
69 silly get     'x-cache': 'HIT',
69 silly get     'x-cache-hits': '1',
69 silly get     'x-timer': 'S1474316990.558629,VS0,VE32',
69 silly get     vary: 'Accept-Encoding' } ]
70 verbose etag https://registry.npmjs.org/7zip-bin-win from cache
71 verbose get saving 7zip-bin-win to /home/pranav/.npm/registry.npmjs.org/7zip-bin-win/.cache.json
72 verbose correctMkdir /home/pranav/.npm correctMkdir not in flight; initializing
73 silly resolveWithNewModule 7zip-bin-win@2.0.1 checking installable status
74 silly fetchNamedPackageData fsevents
75 silly mapToRegistry name fsevents
76 silly mapToRegistry using default registry
77 silly mapToRegistry registry https://registry.npmjs.org/
78 silly mapToRegistry data Result {
78 silly mapToRegistry   raw: 'fsevents',
78 silly mapToRegistry   scope: null,
78 silly mapToRegistry   escapedName: 'fsevents',
78 silly mapToRegistry   name: 'fsevents',
78 silly mapToRegistry   rawSpec: '',
78 silly mapToRegistry   spec: 'latest',
78 silly mapToRegistry   type: 'tag' }
79 silly mapToRegistry uri https://registry.npmjs.org/fsevents
80 verbose request uri https://registry.npmjs.org/fsevents
81 verbose request no auth needed
82 info attempt registry request try #1 at 1:29:11 PM
83 verbose etag "69O0UF1UA8LG7BQRJME2P5RBR"
84 http request GET https://registry.npmjs.org/fsevents
85 http 304 https://registry.npmjs.org/fsevents
86 verbose headers { date: 'Mon, 19 Sep 2016 20:29:51 GMT',
86 verbose headers   via: '1.1 varnish',
86 verbose headers   'cache-control': 'max-age=300',
86 verbose headers   etag: '"69O0UF1UA8LG7BQRJME2P5RBR"',
86 verbose headers   age: '86',
86 verbose headers   connection: 'keep-alive',
86 verbose headers   'x-served-by': 'cache-sjc3128-SJC',
86 verbose headers   'x-cache': 'HIT',
86 verbose headers   'x-cache-hits': '3',
86 verbose headers   'x-timer': 'S1474316991.222159,VS0,VE0',
86 verbose headers   vary: 'Accept-Encoding' }
87 silly get cb [ 304,
87 silly get   { date: 'Mon, 19 Sep 2016 20:29:51 GMT',
87 silly get     via: '1.1 varnish',
87 silly get     'cache-control': 'max-age=300',
87 silly get     etag: '"69O0UF1UA8LG7BQRJME2P5RBR"',
87 silly get     age: '86',
87 silly get     connection: 'keep-alive',
87 silly get     'x-served-by': 'cache-sjc3128-SJC',
87 silly get     'x-cache': 'HIT',
87 silly get     'x-cache-hits': '3',
87 silly get     'x-timer': 'S1474316991.222159,VS0,VE0',
87 silly get     vary: 'Accept-Encoding' } ]
88 verbose etag https://registry.npmjs.org/fsevents from cache
89 verbose get saving fsevents to /home/pranav/.npm/registry.npmjs.org/fsevents/.cache.json
90 verbose correctMkdir /home/pranav/.npm correctMkdir not in flight; initializing
91 silly resolveWithNewModule fsevents@1.0.14 checking installable status
92 silly loadAllDepsIntoIdealTree Finishing
93 silly loadIdealTree Finishing
94 silly currentTree FastFlow@0.8.0
94 silly currentTree ├── 7zip-bin-linux@1.0.2
94 silly currentTree ├── 7zip-bin@2.0.1
94 silly currentTree ├── abab@1.0.3
94 silly currentTree ├── abbrev@1.0.9
94 silly currentTree ├─┬ acorn-globals@1.0.9
94 silly currentTree │ └── acorn@2.7.0
94 silly currentTree ├── acorn@1.2.2
94 silly currentTree ├── adm-zip@0.4.7
94 silly currentTree ├── align-text@0.1.4
94 silly currentTree ├── alter@0.2.0
94 silly currentTree ├── amdefine@1.0.0
94 silly currentTree ├── ansi-align@1.1.0
94 silly currentTree ├── ansi-escapes@1.4.0
94 silly currentTree ├── ansi-regex@2.0.0
94 silly currentTree ├── ansi-styles@2.2.1
94 silly currentTree ├── anymatch@1.3.0
94 silly currentTree ├── aproba@1.0.4
94 silly currentTree ├── archiver-utils@1.3.0
94 silly currentTree ├── archiver@1.1.0
94 silly currentTree ├── are-we-there-yet@1.1.2
94 silly currentTree ├── argparse@1.0.7
94 silly currentTree ├── arr-diff@2.0.0
94 silly currentTree ├── arr-flatten@1.0.1
94 silly currentTree ├── array-differ@1.0.0
94 silly currentTree ├── array-find-index@1.0.1
94 silly currentTree ├── array-index@1.0.0
94 silly currentTree ├── array-union@1.0.2
94 silly currentTree ├── array-uniq@1.0.3
94 silly currentTree ├── array-unique@0.2.1
94 silly currentTree ├── arrify@1.0.1
94 silly currentTree ├── asap@2.0.4
94 silly currentTree ├── asar-electron-builder@0.13.5
94 silly currentTree ├── asn1@0.2.3
94 silly currentTree ├── assert-plus@0.2.0
94 silly currentTree ├── assert@1.4.1
94 silly currentTree ├── ast-traverse@0.1.1
94 silly currentTree ├── ast-types@0.8.12
94 silly currentTree ├── async-each@1.0.1
94 silly currentTree ├── async@2.0.1
94 silly currentTree ├── asynckit@0.4.0
94 silly currentTree ├── aws-sign2@0.6.0
94 silly currentTree ├── aws4@1.4.1
94 silly currentTree ├─┬ babel-core@5.8.38
94 silly currentTree │ ├── bluebird@2.11.0
94 silly currentTree │ ├── globals@6.4.1
94 silly currentTree │ ├── json5@0.4.0
94 silly currentTree │ ├── lodash@3.10.1
94 silly currentTree │ ├── minimatch@2.0.10
94 silly currentTree │ ├── repeating@1.1.3
94 silly currentTree │ ├─┬ source-map-support@0.2.10
94 silly currentTree │ │ └── source-map@0.1.32
94 silly currentTree │ └── source-map@0.5.6
94 silly currentTree ├── babel-plugin-constant-folding@1.0.1
94 silly currentTree ├── babel-plugin-dead-code-elimination@1.0.2
94 silly currentTree ├── babel-plugin-eval@1.0.1
94 silly currentTree ├── babel-plugin-inline-environment-variables@1.0.1
94 silly currentTree ├── babel-plugin-jscript@1.0.4
94 silly currentTree ├── babel-plugin-member-expression-literals@1.0.1
94 silly currentTree ├── babel-plugin-property-literals@1.0.1
94 silly currentTree ├─┬ babel-plugin-proto-to-assign@1.0.4
94 silly currentTree │ └── lodash@3.10.1
94 silly currentTree ├── babel-plugin-react-constant-elements@1.0.3
94 silly currentTree ├── babel-plugin-react-display-name@1.0.3
94 silly currentTree ├── babel-plugin-remove-console@1.0.1
94 silly currentTree ├── babel-plugin-remove-debugger@1.0.1
94 silly currentTree ├── babel-plugin-runtime@1.0.7
94 silly currentTree ├── babel-plugin-undeclared-variables-check@1.0.2
94 silly currentTree ├── babel-plugin-undefined-to-void@1.1.6
94 silly currentTree ├── babel-runtime@5.8.38
94 silly currentTree ├─┬ babel@5.8.38
94 silly currentTree │ ├── glob@5.0.15
94 silly currentTree │ ├── lodash@3.10.1
94 silly currentTree │ └── source-map@0.5.6
94 silly currentTree ├── babylon@5.8.38
94 silly currentTree ├── balanced-match@0.4.2
94 silly currentTree ├── base64-js@1.1.2
94 silly currentTree ├── Base64@0.2.1
94 silly currentTree ├─┬ bcrypt-pbkdf@1.0.0
94 silly currentTree │ └── tweetnacl@0.14.3
94 silly currentTree ├── beeper@1.1.0
94 silly currentTree ├── big.js@3.1.3
94 silly currentTree ├── binary-extensions@1.6.0
94 silly currentTree ├── binary@0.3.0
94 silly currentTree ├─┬ bl@1.1.2
94 silly currentTree │ └── readable-stream@2.0.6
94 silly currentTree ├── block-stream@0.0.9
94 silly currentTree ├── bluebird@3.4.6
94 silly currentTree ├── boom@2.10.1
94 silly currentTree ├── boxen@0.6.0
94 silly currentTree ├── brace-expansion@1.1.6
94 silly currentTree ├── braces@1.8.5
94 silly currentTree ├── breakable@1.0.0
94 silly currentTree ├── browserify-zlib@0.1.4
94 silly currentTree ├── buffer-crc32@0.2.5
94 silly currentTree ├── buffer-shims@1.0.0
94 silly currentTree ├── buffer@4.9.1
94 silly currentTree ├── buffers@0.1.1
94 silly currentTree ├── builtin-modules@1.1.1
94 silly currentTree ├── camelcase-keys@2.1.0
94 silly currentTree ├── camelcase@2.1.1
94 silly currentTree ├── capture-stack-trace@1.0.0
94 silly currentTree ├── caseless@0.11.0
94 silly currentTree ├── center-align@0.1.3
94 silly currentTree ├── chainsaw@0.1.0
94 silly currentTree ├── chalk@1.1.3
94 silly currentTree ├── chokidar@1.6.0
94 silly currentTree ├── chromedriver@2.24.1
94 silly currentTree ├── chromium-pickle-js@0.2.0
94 silly currentTree ├── circular-json@0.3.1
94 silly currentTree ├── cli-boxes@1.0.0
94 silly currentTree ├── cli-cursor@1.0.2
94 silly currentTree ├── cli-width@1.1.1
94 silly currentTree ├── cliui@3.2.0
94 silly currentTree ├── clone-stats@0.0.1
94 silly currentTree ├── clone@1.0.2
94 silly currentTree ├── code-point-at@1.0.0
94 silly currentTree ├── combined-stream@1.0.5
94 silly currentTree ├── commander@2.9.0
94 silly currentTree ├─┬ commoner@0.10.4
94 silly currentTree │ └── glob@5.0.15
94 silly currentTree ├── compare-version@0.1.2
94 silly currentTree ├── compress-commons@1.1.0
94 silly currentTree ├── concat-map@0.0.1
94 silly currentTree ├─┬ concat-stream@1.5.0
94 silly currentTree │ └── readable-stream@2.0.6
94 silly currentTree ├── config-chain@1.1.10
94 silly currentTree ├── configstore@2.1.0
94 silly currentTree ├── console-browserify@1.1.0
94 silly currentTree ├── console-control-strings@1.1.0
94 silly currentTree ├── constants-browserify@0.0.1
94 silly currentTree ├── convert-source-map@1.3.0
94 silly currentTree ├── core-js@1.2.7
94 silly currentTree ├── core-util-is@1.0.2
94 silly currentTree ├── crc32-stream@1.0.0
94 silly currentTree ├── create-error-class@3.0.2
94 silly currentTree ├── cryptiles@2.0.5
94 silly currentTree ├── crypto-browserify@3.2.8
94 silly currentTree ├── cssom@0.3.1
94 silly currentTree ├── cssstyle@0.2.37
94 silly currentTree ├── ctype@0.5.3
94 silly currentTree ├── cuint@0.2.2
94 silly currentTree ├── currently-unhandled@0.4.1
94 silly currentTree ├── d@0.1.1
94 silly currentTree ├─┬ dashdash@1.14.0
94 silly currentTree │ └── assert-plus@1.0.0
94 silly currentTree ├── date-now@0.1.4
94 silly currentTree ├── dateformat@1.0.12
94 silly currentTree ├── debug@2.2.0
94 silly currentTree ├── debuglog@1.0.1
94 silly currentTree ├── decamelize@1.2.0
94 silly currentTree ├─┬ decompress-zip@0.1.0
94 silly currentTree │ ├── graceful-fs@3.0.11
94 silly currentTree │ ├── isarray@0.0.1
94 silly currentTree │ └── readable-stream@1.1.14
94 silly currentTree ├── deep-extend@0.4.1
94 silly currentTree ├── deep-is@0.1.3
94 silly currentTree ├── defined@1.0.0
94 silly currentTree ├─┬ defs@1.1.1
94 silly currentTree │ ├── camelcase@1.2.1
94 silly currentTree │ ├── cliui@2.1.0
94 silly currentTree │ ├── esprima-fb@15001.1001.0-dev-harmony-fb
94 silly currentTree │ ├── window-size@0.1.4
94 silly currentTree │ ├── wordwrap@0.0.2
94 silly currentTree │ └── yargs@3.27.0
94 silly currentTree ├── del@2.2.2
94 silly currentTree ├── delayed-stream@1.0.0
94 silly currentTree ├── delegates@1.0.0
94 silly currentTree ├─┬ detect-indent@3.0.1
94 silly currentTree │ └── repeating@1.1.3
94 silly currentTree ├── detective@4.3.1
94 silly currentTree ├── dezalgo@1.0.3
94 silly currentTree ├─┬ doctrine@0.7.2
94 silly currentTree │ ├── esutils@1.1.6
94 silly currentTree │ └── isarray@0.0.1
94 silly currentTree ├── domain-browser@1.1.7
94 silly currentTree ├── dot-prop@3.0.0
94 silly currentTree ├── duplexer2@0.1.4
94 silly currentTree ├── ecc-jsbn@0.1.1
94 silly currentTree ├─┬ electron-builder@6.7.7
94 silly currentTree │ └── semver@5.3.0
94 silly currentTree ├── electron-debug@1.0.1
94 silly currentTree ├── electron-download@2.1.2
94 silly currentTree ├── electron-is-dev@0.1.2
94 silly currentTree ├── electron-localshortcut@0.6.1
94 silly currentTree ├── electron-osx-sign-tf@1.0.0
94 silly currentTree ├─┬ electron-packager@5.2.1
94 silly currentTree │ ├── asar@0.8.3
94 silly currentTree │ ├── base64-js@0.0.8
94 silly currentTree │ ├── chromium-pickle-js@0.1.0
94 silly currentTree │ ├── commander@2.3.0
94 silly currentTree │ ├── cuint@0.1.5
94 silly currentTree │ ├── electron-download@1.4.1
94 silly currentTree │ ├── glob@5.0.15
94 silly currentTree │ ├── lodash@3.10.1
94 silly currentTree │ ├── minimatch@2.0.4
94 silly currentTree │ ├── plist@1.2.0
94 silly currentTree │ └── xmlbuilder@4.0.0
94 silly currentTree ├── electron-prebuilt@0.36.12
94 silly currentTree ├─┬ electron-rebuild@1.2.1
94 silly currentTree │ ├── glob@6.0.4
94 silly currentTree │ ├── lodash@3.10.1
94 silly currentTree │ ├── window-size@0.1.4
94 silly currentTree │ └── yargs@3.32.0
94 silly currentTree ├── emojis-list@2.0.1
94 silly currentTree ├── end-of-stream@1.1.0
94 silly currentTree ├─┬ enhanced-resolve@0.9.1
94 silly currentTree │ └── memory-fs@0.2.0
94 silly currentTree ├── errno@0.1.4
94 silly currentTree ├── error-ex@1.3.0
94 silly currentTree ├── es5-ext@0.10.12
94 silly currentTree ├── es6-iterator@2.0.0
94 silly currentTree ├── es6-map@0.1.4
94 silly currentTree ├── es6-set@0.1.4
94 silly currentTree ├── es6-symbol@3.1.0
94 silly currentTree ├── es6-weak-map@2.0.1
94 silly currentTree ├── escape-string-regexp@1.0.5
94 silly currentTree ├─┬ escodegen@1.8.1
94 silly currentTree │ ├── esprima@2.7.3
94 silly currentTree │ ├── estraverse@1.9.3
94 silly currentTree │ ├── fast-levenshtein@1.1.4
94 silly currentTree │ ├── levn@0.3.0
94 silly currentTree │ ├── optionator@0.8.1
94 silly currentTree │ ├── source-map@0.2.0
94 silly currentTree │ └── wordwrap@1.0.0
94 silly currentTree ├── escope@3.6.0
94 silly currentTree ├─┬ eslint@1.10.3
94 silly currentTree │ └── glob@5.0.15
94 silly currentTree ├── espree@2.2.5
94 silly currentTree ├─┬ esrecurse@4.1.0
94 silly currentTree │ └── estraverse@4.1.1
94 silly currentTree ├── estraverse-fb@1.3.1
94 silly currentTree ├── estraverse@4.2.0
94 silly currentTree ├── esutils@2.0.2
94 silly currentTree ├── event-emitter@0.3.4
94 silly currentTree ├── events@1.1.1
94 silly currentTree ├── exit-hook@1.1.1
94 silly currentTree ├── expand-brackets@0.1.5
94 silly currentTree ├── expand-range@1.8.2
94 silly currentTree ├── extend@3.0.0
94 silly currentTree ├── extglob@0.3.2
94 silly currentTree ├─┬ extract-text-webpack-plugin@0.9.1
94 silly currentTree │ └── async@1.5.2
94 silly currentTree ├─┬ extract-zip@1.5.0
94 silly currentTree │ ├── debug@0.7.4
94 silly currentTree │ ├── minimist@0.0.8
94 silly currentTree │ └── mkdirp@0.5.0
94 silly currentTree ├── extsprintf@1.0.2
94 silly currentTree ├── fancy-log@1.2.0
94 silly currentTree ├── fast-levenshtein@1.0.7
94 silly currentTree ├─┬ fbjs-scripts@0.5.0
94 silly currentTree │ ├── readable-stream@2.0.6
94 silly currentTree │ ├── semver@5.3.0
94 silly currentTree │ └── through2@2.0.1
94 silly currentTree ├── fd-slicer@1.0.1
94 silly currentTree ├── figures@1.7.0
94 silly currentTree ├── file-entry-cache@1.3.1
94 silly currentTree ├── filename-regex@2.0.0
94 silly currentTree ├── fill-range@2.2.3
94 silly currentTree ├── filled-array@1.1.0
94 silly currentTree ├─┬ find-up@1.1.2
94 silly currentTree │ └── path-exists@2.1.0
94 silly currentTree ├── flat-cache@1.2.1
94 silly currentTree ├── for-in@0.1.6
94 silly currentTree ├── for-own@0.1.4
94 silly currentTree ├── forever-agent@0.6.1
94 silly currentTree ├── form-data@2.0.0
94 silly currentTree ├── fs-extra-p@1.1.8
94 silly currentTree ├── fs-extra-tf@0.30.2
94 silly currentTree ├─┬ fs-extra@0.18.2
94 silly currentTree │ └── graceful-fs@3.0.11
94 silly currentTree ├── fs-readdir-recursive@0.1.2
94 silly currentTree ├── fs.realpath@1.0.0
94 silly currentTree ├── fstream@1.0.10
94 silly currentTree ├── gauge@2.6.0
94 silly currentTree ├── generate-function@2.0.0
94 silly currentTree ├── generate-object-property@1.2.0
94 silly currentTree ├── get-caller-file@1.0.2
94 silly currentTree ├── get-package-info@0.0.2
94 silly currentTree ├── get-stdin@4.0.1
94 silly currentTree ├─┬ getpass@0.1.6
94 silly currentTree │ └── assert-plus@1.0.0
94 silly currentTree ├── glob-base@0.3.0
94 silly currentTree ├── glob-parent@2.0.0
94 silly currentTree ├── glob@7.0.6
94 silly currentTree ├── globals@8.18.0
94 silly currentTree ├── globby@5.0.0
94 silly currentTree ├── glogg@1.0.0
94 silly currentTree ├── got@5.6.0
94 silly currentTree ├── graceful-fs@4.1.6
94 silly currentTree ├── graceful-readlink@1.0.1
94 silly currentTree ├─┬ gulp-util@3.0.7
94 silly currentTree │ ├── lodash.template@3.6.2
94 silly currentTree │ ├── lodash.templatesettings@3.1.1
94 silly currentTree │ ├── object-assign@3.0.0
94 silly currentTree │ ├── readable-stream@2.0.6
94 silly currentTree │ └── through2@2.0.1
94 silly currentTree ├── gulplog@1.0.0
94 silly currentTree ├─┬ handlebars@4.0.5
94 silly currentTree │ ├── async@1.5.2
94 silly currentTree │ └── source-map@0.4.4
94 silly currentTree ├── har-validator@2.0.6
94 silly currentTree ├── has-ansi@2.0.0
94 silly currentTree ├── has-color@0.1.7
94 silly currentTree ├── has-flag@1.0.0
94 silly currentTree ├── has-gulplog@0.1.0
94 silly currentTree ├── has-unicode@2.0.1
94 silly currentTree ├── hawk@3.1.3
94 silly currentTree ├── hoek@2.16.3
94 silly currentTree ├─┬ home-or-tmp@1.0.0
94 silly currentTree │ └── user-home@1.1.1
94 silly currentTree ├── home-path@1.0.3
94 silly currentTree ├── hosted-git-info@2.1.5
94 silly currentTree ├── http-browserify@1.7.0
94 silly currentTree ├── http-signature@1.1.1
94 silly currentTree ├── https-browserify@0.0.0
94 silly currentTree ├── iconv-lite@0.4.13
94 silly currentTree ├── ieee754@1.1.6
94 silly currentTree ├── image-size@0.5.0
94 silly currentTree ├── imurmurhash@0.1.4
94 silly currentTree ├── indent-string@2.1.0
94 silly currentTree ├── indexof@0.0.1
94 silly currentTree ├── inflight@1.0.5
94 silly currentTree ├── inherits@2.0.3
94 silly currentTree ├── ini@1.3.4
94 silly currentTree ├─┬ inquirer@0.11.4
94 silly currentTree │ └── lodash@3.10.1
94 silly currentTree ├── interpret@0.6.6
94 silly currentTree ├── invert-kv@1.0.0
94 silly currentTree ├── is-arrayish@0.2.1
94 silly currentTree ├── is-binary-path@1.0.1
94 silly currentTree ├── is-buffer@1.1.4
94 silly currentTree ├── is-builtin-module@1.0.0
94 silly currentTree ├── is-dotfile@1.0.2
94 silly currentTree ├── is-equal-shallow@0.1.3
94 silly currentTree ├── is-extendable@0.1.1
94 silly currentTree ├── is-extglob@1.0.0
94 silly currentTree ├── is-finite@1.0.1
94 silly currentTree ├── is-fullwidth-code-point@1.0.0
94 silly currentTree ├── is-glob@2.0.1
94 silly currentTree ├── is-integer@1.0.6
94 silly currentTree ├── is-my-json-valid@2.14.0
94 silly currentTree ├── is-npm@1.0.0
94 silly currentTree ├── is-number@2.1.0
94 silly currentTree ├── is-obj@1.0.1
94 silly currentTree ├── is-path-cwd@1.0.0
94 silly currentTree ├── is-path-in-cwd@1.0.0
94 silly currentTree ├── is-path-inside@1.0.0
94 silly currentTree ├── is-plain-obj@1.1.0
94 silly currentTree ├── is-posix-bracket@0.1.1
94 silly currentTree ├── is-primitive@2.0.0
94 silly currentTree ├── is-property@1.0.2
94 silly currentTree ├── is-redirect@1.0.0
94 silly currentTree ├── is-resolvable@1.0.0
94 silly currentTree ├── is-retry-allowed@1.1.0
94 silly currentTree ├── is-stream@1.1.0
94 silly currentTree ├── is-typedarray@1.0.0
94 silly currentTree ├── is-utf8@0.2.1
94 silly currentTree ├── isarray@1.0.0
94 silly currentTree ├── isbinaryfile@3.0.1
94 silly currentTree ├── isexe@1.1.2
94 silly currentTree ├── isobject@2.1.0
94 silly currentTree ├── isstream@0.1.2
94 silly currentTree ├── jju@1.3.0
94 silly currentTree ├── jodid25519@1.0.2
94 silly currentTree ├── js-tokens@1.0.1
94 silly currentTree ├─┬ js-yaml@3.4.5
94 silly currentTree │ └── esprima@2.7.3
94 silly currentTree ├── jsbn@0.1.0
94 silly currentTree ├─┬ jsdom@7.2.2
94 silly currentTree │ └── acorn@2.7.0
94 silly currentTree ├── jsesc@0.5.0
94 silly currentTree ├── json-parse-helpfulerror@1.0.3
94 silly currentTree ├── json-schema@0.2.3
94 silly currentTree ├── json-stable-stringify@1.0.1
94 silly currentTree ├── json-stringify-safe@5.0.1
94 silly currentTree ├── json5@0.5.0
94 silly currentTree ├── jsonfile@2.4.0
94 silly currentTree ├── jsonify@0.0.0
94 silly currentTree ├── jsonpointer@2.0.0
94 silly currentTree ├── jsprim@1.3.1
94 silly currentTree ├── kew@0.5.0
94 silly currentTree ├── kind-of@3.0.4
94 silly currentTree ├── klaw@1.3.0
94 silly currentTree ├── latest-version@2.0.0
94 silly currentTree ├── lazy-cache@1.0.4
94 silly currentTree ├── lazy-req@1.1.0
94 silly currentTree ├── lazystream@1.0.0
94 silly currentTree ├── lcid@1.0.0
94 silly currentTree ├── leven@1.0.2
94 silly currentTree ├── levn@0.2.5
94 silly currentTree ├── load-json-file@1.1.0
94 silly currentTree ├── loader-utils@0.2.16
94 silly currentTree ├── lodash._arraycopy@3.0.0
94 silly currentTree ├── lodash._arrayeach@3.0.0
94 silly currentTree ├── lodash._arraymap@3.0.0
94 silly currentTree ├── lodash._baseassign@3.2.0
94 silly currentTree ├── lodash._baseclone@3.3.0
94 silly currentTree ├── lodash._basecopy@3.0.1
94 silly currentTree ├── lodash._basedifference@3.0.3
94 silly currentTree ├── lodash._baseflatten@3.1.4
94 silly currentTree ├── lodash._basefor@3.0.3
94 silly currentTree ├── lodash._baseindexof@3.1.0
94 silly currentTree ├── lodash._basetostring@3.0.1
94 silly currentTree ├── lodash._basevalues@3.0.0
94 silly currentTree ├── lodash._bindcallback@3.0.1
94 silly currentTree ├── lodash._cacheindexof@3.0.2
94 silly currentTree ├── lodash._createassigner@3.1.1
94 silly currentTree ├── lodash._createcache@3.1.2
94 silly currentTree ├── lodash._getnative@3.9.1
94 silly currentTree ├── lodash._isiterateecall@3.0.9
94 silly currentTree ├── lodash._pickbyarray@3.0.2
94 silly currentTree ├── lodash._pickbycallback@3.0.0
94 silly currentTree ├── lodash._reescape@3.0.0
94 silly currentTree ├── lodash._reevaluate@3.0.0
94 silly currentTree ├── lodash._reinterpolate@3.0.0
94 silly currentTree ├── lodash._root@3.0.1
94 silly currentTree ├── lodash.assign@4.2.0
94 silly currentTree ├── lodash.clonedeep@3.0.2
94 silly currentTree ├── lodash.escape@3.2.0
94 silly currentTree ├── lodash.get@4.4.2
94 silly currentTree ├── lodash.isarguments@3.1.0
94 silly currentTree ├── lodash.isarray@3.0.4
94 silly currentTree ├── lodash.isplainobject@3.2.0
94 silly currentTree ├── lodash.istypedarray@3.0.6
94 silly currentTree ├── lodash.keys@3.1.2
94 silly currentTree ├── lodash.keysin@3.0.8
94 silly currentTree ├── lodash.merge@3.3.2
94 silly currentTree ├── lodash.omit@3.1.0
94 silly currentTree ├── lodash.restparam@3.6.1
94 silly currentTree ├── lodash.template@4.4.0
94 silly currentTree ├── lodash.templatesettings@4.1.0
94 silly currentTree ├── lodash.toplainobject@3.0.0
94 silly currentTree ├── lodash@4.16.0
94 silly currentTree ├── longest@1.0.1
94 silly currentTree ├── loud-rejection@1.6.0
94 silly currentTree ├── lowercase-keys@1.0.0
94 silly currentTree ├── macaddress@0.2.8
94 silly currentTree ├── map-obj@1.0.1
94 silly currentTree ├── memory-fs@0.3.0
94 silly currentTree ├── meow@3.7.0
94 silly currentTree ├── micromatch@2.3.11
94 silly currentTree ├── mime-db@1.24.0
94 silly currentTree ├── mime-types@2.1.12
94 silly currentTree ├── mime@1.3.4
94 silly currentTree ├── minimatch@3.0.3
94 silly currentTree ├── minimist@1.2.0
94 silly currentTree ├─┬ mkdirp@0.5.1
94 silly currentTree │ └── minimist@0.0.8
94 silly currentTree ├── mkpath@0.1.0
94 silly currentTree ├─┬ mksnapshot@0.1.0
94 silly currentTree │ ├── asn1@0.1.11
94 silly currentTree │ ├── assert-plus@0.1.5
94 silly currentTree │ ├── async@0.9.2
94 silly currentTree │ ├── aws-sign2@0.5.0
94 silly currentTree │ ├── bl@0.9.5
94 silly currentTree │ ├── bluebird@2.11.0
94 silly currentTree │ ├── caseless@0.9.0
94 silly currentTree │ ├── combined-stream@0.0.7
94 silly currentTree │ ├── delayed-stream@0.0.5
94 silly currentTree │ ├── form-data@0.2.0
94 silly currentTree │ ├── har-validator@1.8.0
94 silly currentTree │ ├── hawk@2.3.1
94 silly currentTree │ ├── http-signature@0.10.1
94 silly currentTree │ ├── isarray@0.0.1
94 silly currentTree │ ├── mime-db@1.12.0
94 silly currentTree │ ├── mime-types@2.0.14
94 silly currentTree │ ├── oauth-sign@0.6.0
94 silly currentTree │ ├── qs@2.4.2
94 silly currentTree │ ├── readable-stream@1.0.34
94 silly currentTree │ └── request@2.55.0
94 silly currentTree ├── ms@0.7.1
94 silly currentTree ├─┬ multipipe@0.1.2
94 silly currentTree │ ├── duplexer2@0.0.2
94 silly currentTree │ ├── isarray@0.0.1
94 silly currentTree │ └── readable-stream@1.1.14
94 silly currentTree ├── mute-stream@0.0.5
94 silly currentTree ├─┬ mv@2.1.1
94 silly currentTree │ ├── glob@6.0.4
94 silly currentTree │ └── rimraf@2.4.5
94 silly currentTree ├── nan@2.4.0
94 silly currentTree ├── natives@1.1.0
94 silly currentTree ├── ncp@2.0.0
94 silly currentTree ├── node-gyp@3.4.0
94 silly currentTree ├─┬ node-libs-browser@0.6.0
94 silly currentTree │ ├── isarray@0.0.1
94 silly currentTree │ └── readable-stream@1.1.14
94 silly currentTree ├── node-status-codes@1.0.0
94 silly currentTree ├── node-uuid@1.4.7
94 silly currentTree ├── nopt@3.0.6
94 silly currentTree ├── normalize-package-data@2.3.5
94 silly currentTree ├── normalize-path@2.0.1
94 silly currentTree ├─┬ npm@3.10.7
94 silly currentTree │ ├── abbrev@1.0.9
94 silly currentTree │ ├── ansi-regex@2.0.0
94 silly currentTree │ ├── ansicolors@0.3.2
94 silly currentTree │ ├── ansistyles@0.1.3
94 silly currentTree │ ├── aproba@1.0.4
94 silly currentTree │ ├── archy@1.0.0
94 silly currentTree │ ├── asap@2.0.4
94 silly currentTree │ ├── chownr@1.0.1
94 silly currentTree │ ├── cmd-shim@2.0.2
94 silly currentTree │ ├─┬ columnify@1.5.4
94 silly currentTree │ │ └─┬ wcwidth@1.0.0
94 silly currentTree │ │   └─┬ defaults@1.0.3
94 silly currentTree │ │     └── clone@1.0.2
94 silly currentTree │ ├─┬ config-chain@1.1.10
94 silly currentTree │ │ └── proto-list@1.2.4
94 silly currentTree │ ├── debuglog@1.0.1
94 silly currentTree │ ├── dezalgo@1.0.3
94 silly currentTree │ ├── editor@1.0.0
94 silly currentTree │ ├── fs-vacuum@1.2.9
94 silly currentTree │ ├── fs-write-stream-atomic@1.0.8
94 silly currentTree │ ├─┬ fstream-npm@1.1.1
94 silly currentTree │ │ └─┬ fstream-ignore@1.0.5
94 silly currentTree │ │   └─┬ minimatch@3.0.3
94 silly currentTree │ │     └─┬ brace-expansion@1.1.6
94 silly currentTree │ │       ├── balanced-match@0.4.2
94 silly currentTree │ │       └── concat-map@0.0.1
94 silly currentTree │ ├── fstream@1.0.10
94 silly currentTree │ ├─┬ glob@7.0.5
94 silly currentTree │ │ ├── fs.realpath@1.0.0
94 silly currentTree │ │ ├─┬ minimatch@3.0.3
94 silly currentTree │ │ │ └─┬ brace-expansion@1.1.6
94 silly currentTree │ │ │   ├── balanced-match@0.4.2
94 silly currentTree │ │ │   └── concat-map@0.0.1
94 silly currentTree │ │ └── path-is-absolute@1.0.0
94 silly currentTree │ ├── graceful-fs@4.1.5
94 silly currentTree │ ├── has-unicode@2.0.1
94 silly currentTree │ ├── hosted-git-info@2.1.5
94 silly currentTree │ ├── iferr@0.1.5
94 silly currentTree │ ├── imurmurhash@0.1.4
94 silly currentTree │ ├── inflight@1.0.5
94 silly currentTree │ ├── inherits@2.0.1
94 silly currentTree │ ├── ini@1.3.4
94 silly currentTree │ ├─┬ init-package-json@1.9.4
94 silly currentTree │ │ ├─┬ glob@6.0.4
94 silly currentTree │ │ │ ├─┬ minimatch@3.0.3
94 silly currentTree │ │ │ │ └─┬ brace-expansion@1.1.6
94 silly currentTree │ │ │ │   ├── balanced-match@0.4.2
94 silly currentTree │ │ │ │   └── concat-map@0.0.1
94 silly currentTree │ │ │ └── path-is-absolute@1.0.0
94 silly currentTree │ │ └── promzard@0.3.0
94 silly currentTree │ ├── lockfile@1.0.1
94 silly currentTree │ ├── lodash._baseindexof@3.1.0
94 silly currentTree │ ├─┬ lodash._baseuniq@4.6.0
94 silly currentTree │ │ ├── lodash._createset@4.0.3
94 silly currentTree │ │ └── lodash._root@3.0.1
94 silly currentTree │ ├── lodash._bindcallback@3.0.1
94 silly currentTree │ ├── lodash._cacheindexof@3.0.2
94 silly currentTree │ ├── lodash._createcache@3.1.2
94 silly currentTree │ ├── lodash._getnative@3.9.1
94 silly currentTree │ ├── lodash.clonedeep@4.4.1
94 silly currentTree │ ├── lodash.restparam@3.6.1
94 silly currentTree │ ├── lodash.union@4.5.0
94 silly currentTree │ ├── lodash.uniq@4.4.0
94 silly currentTree │ ├── lodash.without@4.3.0
94 silly currentTree │ ├─┬ mkdirp@0.5.1
94 silly currentTree │ │ └── minimist@0.0.8
94 silly currentTree │ ├─┬ node-gyp@3.4.0
94 silly currentTree │ │ ├─┬ minimatch@3.0.3
94 silly currentTree │ │ │ └─┬ brace-expansion@1.1.6
94 silly currentTree │ │ │   ├── balanced-match@0.4.2
94 silly currentTree │ │ │   └── concat-map@0.0.1
94 silly currentTree │ │ └─┬ path-array@1.0.1
94 silly currentTree │ │   └─┬ array-index@1.0.0
94 silly currentTree │ │     ├─┬ debug@2.2.0
94 silly currentTree │ │     │ └── ms@0.7.1
94 silly currentTree │ │     └─┬ es6-symbol@3.1.0
94 silly currentTree │ │       ├── d@0.1.1
94 silly currentTree │ │       └─┬ es5-ext@0.10.12
94 silly currentTree │ │         └── es6-iterator@2.0.0
94 silly currentTree │ ├── nopt@3.0.6
94 silly currentTree │ ├── normalize-git-url@3.0.2
94 silly currentTree │ ├─┬ normalize-package-data@2.3.5
94 silly currentTree │ │ └─┬ is-builtin-module@1.0.0
94 silly currentTree │ │   └── builtin-modules@1.1.1
94 silly currentTree │ ├── npm-cache-filename@1.0.2
94 silly currentTree │ ├── npm-install-checks@3.0.0
94 silly currentTree │ ├── npm-package-arg@4.2.0
94 silly currentTree │ ├─┬ npm-registry-client@7.1.2
94 silly currentTree │ │ ├─┬ concat-stream@1.5.1
94 silly currentTree │ │ │ ├─┬ readable-stream@2.0.6
94 silly currentTree │ │ │ │ ├── core-util-is@1.0.2
94 silly currentTree │ │ │ │ ├── isarray@1.0.0
94 silly currentTree │ │ │ │ ├── process-nextick-args@1.0.7
94 silly currentTree │ │ │ │ ├── string_decoder@0.10.31
94 silly currentTree │ │ │ │ └── util-deprecate@1.0.2
94 silly currentTree │ │ │ └── typedarray@0.0.6
94 silly currentTree │ │ └── retry@0.8.0
94 silly currentTree │ ├── npm-user-validate@0.1.5
94 silly currentTree │ ├─┬ npmlog@3.1.2
94 silly currentTree │ │ ├─┬ are-we-there-yet@1.1.2
94 silly currentTree │ │ │ └── delegates@1.0.0
94 silly currentTree │ │ ├── console-control-strings@1.1.0
94 silly currentTree │ │ ├─┬ gauge@2.6.0
94 silly currentTree │ │ │ ├── has-color@0.1.7
94 silly currentTree │ │ │ ├── object-assign@4.1.0
94 silly currentTree │ │ │ ├── signal-exit@3.0.0
94 silly currentTree │ │ │ ├─┬ string-width@1.0.1
94 silly currentTree │ │ │ │ ├─┬ code-point-at@1.0.0
94 silly currentTree │ │ │ │ │ └── number-is-nan@1.0.0
94 silly currentTree │ │ │ │ └─┬ is-fullwidth-code-point@1.0.0
94 silly currentTree │ │ │ │   └── number-is-nan@1.0.0
94 silly currentTree │ │ │ └── wide-align@1.1.0
94 silly currentTree │ │ └── set-blocking@2.0.0
94 silly currentTree │ ├── once@1.3.3
94 silly currentTree │ ├── opener@1.4.1
94 silly currentTree │ ├─┬ osenv@0.1.3
94 silly currentTree │ │ ├── os-homedir@1.0.1
94 silly currentTree │ │ └── os-tmpdir@1.0.1
94 silly currentTree │ ├── path-is-inside@1.0.1
94 silly currentTree │ ├── read-cmd-shim@1.0.1
94 silly currentTree │ ├─┬ read-installed@4.0.3
94 silly currentTree │ │ └── util-extend@1.0.3
94 silly currentTree │ ├─┬ read-package-json@2.0.4
94 silly currentTree │ │ ├─┬ glob@6.0.4
94 silly currentTree │ │ │ ├─┬ minimatch@3.0.3
94 silly currentTree │ │ │ │ └─┬ brace-expansion@1.1.6
94 silly currentTree │ │ │ │   ├── balanced-match@0.4.2
94 silly currentTree │ │ │ │   └── concat-map@0.0.1
94 silly currentTree │ │ │ └── path-is-absolute@1.0.0
94 silly currentTree │ │ └─┬ json-parse-helpfulerror@1.0.3
94 silly currentTree │ │   └── jju@1.3.0
94 silly currentTree │ ├── read-package-tree@5.1.5
94 silly currentTree │ ├─┬ read@1.0.7
94 silly currentTree │ │ └── mute-stream@0.0.5
94 silly currentTree │ ├─┬ readable-stream@2.1.4
94 silly currentTree │ │ ├── buffer-shims@1.0.0
94 silly currentTree │ │ ├── core-util-is@1.0.2
94 silly currentTree │ │ ├── isarray@1.0.0
94 silly currentTree │ │ ├── process-nextick-args@1.0.7
94 silly currentTree │ │ ├── string_decoder@0.10.31
94 silly currentTree │ │ └── util-deprecate@1.0.2
94 silly currentTree │ ├── readdir-scoped-modules@1.0.2
94 silly currentTree │ ├── realize-package-specifier@3.0.3
94 silly currentTree │ ├─┬ request@2.74.0
94 silly currentTree │ │ ├── aws-sign2@0.6.0
94 silly currentTree │ │ ├── aws4@1.4.1
94 silly currentTree │ │ ├─┬ bl@1.1.2
94 silly currentTree │ │ │ └─┬ readable-stream@2.0.6
94 silly currentTree │ │ │   ├── core-util-is@1.0.2
94 silly currentTree │ │ │   ├── isarray@1.0.0
94 silly currentTree │ │ │   ├── process-nextick-args@1.0.7
94 silly currentTree │ │ │   ├── string_decoder@0.10.31
94 silly currentTree │ │ │   └── util-deprecate@1.0.2
94 silly currentTree │ │ ├── caseless@0.11.0
94 silly currentTree │ │ ├─┬ combined-stream@1.0.5
94 silly currentTree │ │ │ └── delayed-stream@1.0.0
94 silly currentTree │ │ ├── extend@3.0.0
94 silly currentTree │ │ ├── forever-agent@0.6.1
94 silly currentTree │ │ ├─┬ form-data@1.0.0-rc4
94 silly currentTree │ │ │ └── async@1.5.2
94 silly currentTree │ │ ├─┬ har-validator@2.0.6
94 silly currentTree │ │ │ ├─┬ chalk@1.1.3
94 silly currentTree │ │ │ │ ├── ansi-styles@2.2.1
94 silly currentTree │ │ │ │ ├── escape-string-regexp@1.0.5
94 silly currentTree │ │ │ │ ├── has-ansi@2.0.0
94 silly currentTree │ │ │ │ └── supports-color@2.0.0
94 silly currentTree │ │ │ ├─┬ commander@2.9.0
94 silly currentTree │ │ │ │ └── graceful-readlink@1.0.1
94 silly currentTree │ │ │ ├─┬ is-my-json-valid@2.13.1
94 silly currentTree │ │ │ │ ├── generate-function@2.0.0
94 silly currentTree │ │ │ │ ├─┬ generate-object-property@1.2.0
94 silly currentTree │ │ │ │ │ └── is-property@1.0.2
94 silly currentTree │ │ │ │ ├── jsonpointer@2.0.0
94 silly currentTree │ │ │ │ └── xtend@4.0.1
94 silly currentTree │ │ │ └─┬ pinkie-promise@2.0.1
94 silly currentTree │ │ │   └── pinkie@2.0.4
94 silly currentTree │ │ ├─┬ hawk@3.1.3
94 silly currentTree │ │ │ ├── boom@2.10.1
94 silly currentTree │ │ │ ├── cryptiles@2.0.5
94 silly currentTree │ │ │ ├── hoek@2.16.3
94 silly currentTree │ │ │ └── sntp@1.0.9
94 silly currentTree │ │ ├─┬ http-signature@1.1.1
94 silly currentTree │ │ │ ├── assert-plus@0.2.0
94 silly currentTree │ │ │ ├─┬ jsprim@1.3.0
94 silly currentTree │ │ │ │ ├── extsprintf@1.0.2
94 silly currentTree │ │ │ │ ├── json-schema@0.2.2
94 silly currentTree │ │ │ │ └── verror@1.3.6
94 silly currentTree │ │ │ └─┬ sshpk@1.9.2
94 silly currentTree │ │ │   ├── asn1@0.2.3
94 silly currentTree │ │ │   ├── assert-plus@1.0.0
94 silly currentTree │ │ │   ├── dashdash@1.14.0
94 silly currentTree │ │ │   ├── ecc-jsbn@0.1.1
94 silly currentTree │ │ │   ├── getpass@0.1.6
94 silly currentTree │ │ │   ├── jodid25519@1.0.2
94 silly currentTree │ │ │   ├── jsbn@0.1.0
94 silly currentTree │ │ │   └── tweetnacl@0.13.3
94 silly currentTree │ │ ├── is-typedarray@1.0.0
94 silly currentTree │ │ ├── isstream@0.1.2
94 silly currentTree │ │ ├── json-stringify-safe@5.0.1
94 silly currentTree │ │ ├─┬ mime-types@2.1.11
94 silly currentTree │ │ │ └── mime-db@1.23.0
94 silly currentTree │ │ ├── node-uuid@1.4.7
94 silly currentTree │ │ ├── oauth-sign@0.8.2
94 silly currentTree │ │ ├── qs@6.2.1
94 silly currentTree │ │ ├── stringstream@0.0.5
94 silly currentTree │ │ ├── tough-cookie@2.3.1
94 silly currentTree │ │ └── tunnel-agent@0.4.3
94 silly currentTree │ ├── retry@0.9.0
94 silly currentTree │ ├── rimraf@2.5.4
94 silly currentTree │ ├── semver@5.1.0
94 silly currentTree │ ├── sha@2.0.1
94 silly currentTree │ ├── slide@1.1.6
94 silly currentTree │ ├── sorted-object@2.0.0
94 silly currentTree │ ├── strip-ansi@3.0.1
94 silly currentTree │ ├─┬ tar@2.2.1
94 silly currentTree │ │ └── block-stream@0.0.8
94 silly currentTree │ ├── text-table@0.2.0
94 silly currentTree │ ├── uid-number@0.0.6
94 silly currentTree │ ├── umask@1.1.0
94 silly currentTree │ ├─┬ unique-filename@1.1.0
94 silly currentTree │ │ └── unique-slug@2.0.0
94 silly currentTree │ ├── unpipe@1.0.0
94 silly currentTree │ ├─┬ validate-npm-package-license@3.0.1
94 silly currentTree │ │ ├─┬ spdx-correct@1.0.2
94 silly currentTree │ │ │ └── spdx-license-ids@1.2.0
94 silly currentTree │ │ └─┬ spdx-expression-parse@1.0.2
94 silly currentTree │ │   ├── spdx-exceptions@1.0.4
94 silly currentTree │ │   └── spdx-license-ids@1.2.0
94 silly currentTree │ ├─┬ validate-npm-package-name@2.2.2
94 silly currentTree │ │ └── builtins@0.0.7
94 silly currentTree │ ├─┬ which@1.2.10
94 silly currentTree │ │ └── isexe@1.1.2
94 silly currentTree │ ├── wrappy@1.0.2
94 silly currentTree │ └── write-file-atomic@1.1.4
94 silly currentTree ├── npmconf@2.1.2
94 silly currentTree ├── npmlog@3.1.2
94 silly currentTree ├── nslog@3.0.0
94 silly currentTree ├── nugget@1.6.2
94 silly currentTree ├── number-is-nan@1.0.0
94 silly currentTree ├── nwmatcher@1.3.8
94 silly currentTree ├── oauth-sign@0.8.2
94 silly currentTree ├── object-assign@4.1.0
94 silly currentTree ├── object-keys@0.4.0
94 silly currentTree ├── object.omit@2.0.0
94 silly currentTree ├── once@1.3.3
94 silly currentTree ├── onetime@1.1.0
94 silly currentTree ├─┬ optimist@0.6.1
94 silly currentTree │ └── minimist@0.0.10
94 silly currentTree ├── optionator@0.6.0
94 silly currentTree ├── os-browserify@0.1.2
94 silly currentTree ├── os-homedir@1.0.1
94 silly currentTree ├── os-locale@1.4.0
94 silly currentTree ├── os-tmpdir@1.0.1
94 silly currentTree ├── osenv@0.1.3
94 silly currentTree ├── output-file-sync@1.1.2
94 silly currentTree ├─┬ package-json@2.4.0
94 silly currentTree │ └── semver@5.3.0
94 silly currentTree ├── pako@0.2.9
94 silly currentTree ├── parse-glob@3.0.4
94 silly currentTree ├── parse-json@2.2.0
94 silly currentTree ├── parse-ms@1.0.1
94 silly currentTree ├── parse5@1.5.1
94 silly currentTree ├── path-array@1.0.1
94 silly currentTree ├── path-browserify@0.0.0
94 silly currentTree ├── path-exists@1.0.0
94 silly currentTree ├── path-is-absolute@1.0.0
94 silly currentTree ├── path-is-inside@1.0.2
94 silly currentTree ├── path-type@1.1.0
94 silly currentTree ├── pbkdf2-compat@2.0.1
94 silly currentTree ├── pend@1.2.0
94 silly currentTree ├── pify@2.3.0
94 silly currentTree ├── pinkie-promise@2.0.1
94 silly currentTree ├── pinkie@2.0.4
94 silly currentTree ├── plist@2.0.1
94 silly currentTree ├── plur@1.0.0
94 silly currentTree ├── prelude-ls@1.1.2
94 silly currentTree ├── prepend-http@1.0.4
94 silly currentTree ├── preserve@0.2.0
94 silly currentTree ├── pretty-bytes@1.0.4
94 silly currentTree ├── pretty-ms@2.1.0
94 silly currentTree ├── private@0.1.6
94 silly currentTree ├── process-nextick-args@1.0.7
94 silly currentTree ├── process@0.11.9
94 silly currentTree ├── progress-stream@1.2.0
94 silly currentTree ├── progress@1.1.8
94 silly currentTree ├── promise@7.1.1
94 silly currentTree ├── proto-list@1.2.4
94 silly currentTree ├── prr@0.0.0
94 silly currentTree ├── punycode@1.4.1
94 silly currentTree ├── q@1.4.1
94 silly currentTree ├── qs@6.2.1
94 silly currentTree ├── querystring-es3@0.2.1
94 silly currentTree ├── querystring@0.2.0
94 silly currentTree ├── randomatic@1.1.5
94 silly currentTree ├── rc@1.1.6
94 silly currentTree ├── rcedit@0.3.0
94 silly currentTree ├── read-all-stream@3.1.0
94 silly currentTree ├── read-installed@4.0.3
94 silly currentTree ├─┬ read-package-json@2.0.4
94 silly currentTree │ └── glob@6.0.4
94 silly currentTree ├── read-pkg-up@1.0.1
94 silly currentTree ├── read-pkg@1.1.0
94 silly currentTree ├── readable-stream@2.1.5
94 silly currentTree ├── readdir-scoped-modules@1.0.2
94 silly currentTree ├── readdirp@2.1.0
94 silly currentTree ├── readline2@1.0.1
94 silly currentTree ├─┬ recast@0.10.33
94 silly currentTree │ ├── esprima-fb@15001.1001.0-dev-harmony-fb
94 silly currentTree │ └── source-map@0.5.6
94 silly currentTree ├── redent@1.0.0
94 silly currentTree ├── regenerate@1.3.1
94 silly currentTree ├─┬ regenerator@0.8.40
94 silly currentTree │ └── esprima-fb@15001.1001.0-dev-harmony-fb
94 silly currentTree ├── regex-cache@0.4.3
94 silly currentTree ├─┬ regexpu@1.3.0
94 silly currentTree │ └── esprima@2.7.3
94 silly currentTree ├── registry-auth-token@3.0.1
94 silly currentTree ├── registry-url@3.1.0
94 silly currentTree ├── regjsgen@0.2.0
94 silly currentTree ├── regjsparser@0.1.5
94 silly currentTree ├── repeat-element@1.1.2
94 silly currentTree ├── repeat-string@1.5.4
94 silly currentTree ├── repeating@2.0.1
94 silly currentTree ├── replace-ext@0.0.1
94 silly currentTree ├── request@2.75.0
94 silly currentTree ├── require-directory@2.1.1
94 silly currentTree ├── require-main-filename@1.0.1
94 silly currentTree ├── resolve@1.1.7
94 silly currentTree ├── restore-cursor@1.0.1
94 silly currentTree ├── right-align@0.1.3
94 silly currentTree ├── rimraf@2.5.4
94 silly currentTree ├── ripemd160@0.2.0
94 silly currentTree ├── run-async@0.1.0
94 silly currentTree ├── run-series@1.1.4
94 silly currentTree ├── rx-lite@3.1.2
94 silly currentTree ├── sanitize-filename@1.6.0
94 silly currentTree ├── sax@1.2.1
94 silly currentTree ├─┬ semver-diff@2.1.0
94 silly currentTree │ └── semver@5.3.0
94 silly currentTree ├── semver@4.3.6
94 silly currentTree ├── set-blocking@2.0.0
94 silly currentTree ├── set-immediate-shim@1.0.1
94 silly currentTree ├── sha.js@2.2.6
94 silly currentTree ├── shebang-regex@1.0.0
94 silly currentTree ├── shelljs@0.5.3
94 silly currentTree ├── signal-exit@3.0.1
94 silly currentTree ├── simple-fmt@0.1.0
94 silly currentTree ├── simple-is@0.2.0
94 silly currentTree ├── single-line-log@0.4.1
94 silly currentTree ├── slash@1.0.0
94 silly currentTree ├── slide@1.1.6
94 silly currentTree ├── sntp@1.0.9
94 silly currentTree ├── source-list-map@0.1.6
94 silly currentTree ├── source-map-support@0.4.2
94 silly currentTree ├── source-map@0.1.32
94 silly currentTree ├── sparkles@1.0.0
94 silly currentTree ├── spdx-correct@1.0.2
94 silly currentTree ├── spdx-expression-parse@1.0.3
94 silly currentTree ├── spdx-license-ids@1.2.2
94 silly currentTree ├── speedometer@0.1.4
94 silly currentTree ├── sprintf-js@1.0.3
94 silly currentTree ├─┬ sshpk@1.10.0
94 silly currentTree │ └── assert-plus@1.0.0
94 silly currentTree ├── stable@0.1.5
94 silly currentTree ├─┬ stream-browserify@1.0.0
94 silly currentTree │ ├── isarray@0.0.1
94 silly currentTree │ └── readable-stream@1.1.14
94 silly currentTree ├── string_decoder@0.10.31
94 silly currentTree ├── string-width@1.0.2
94 silly currentTree ├── stringmap@0.2.2
94 silly currentTree ├── stringset@0.2.1
94 silly currentTree ├── stringstream@0.0.5
94 silly currentTree ├── strip-ansi@3.0.1
94 silly currentTree ├── strip-bom@2.0.0
94 silly currentTree ├── strip-indent@1.0.1
94 silly currentTree ├── strip-json-comments@1.0.4
94 silly currentTree ├── supports-color@2.0.0
94 silly currentTree ├── symbol-tree@3.1.4
94 silly currentTree ├── tapable@0.1.10
94 silly currentTree ├── tar-stream@1.5.2
94 silly currentTree ├── tar@2.2.1
94 silly currentTree ├── tempfile@1.1.1
94 silly currentTree ├── text-table@0.2.0
94 silly currentTree ├── throttleit@0.0.2
94 silly currentTree ├── through@2.3.8
94 silly currentTree ├─┬ through2@0.2.3
94 silly currentTree │ ├── isarray@0.0.1
94 silly currentTree │ ├── readable-stream@1.1.14
94 silly currentTree │ └── xtend@2.1.2
94 silly currentTree ├── time-stamp@1.0.1
94 silly currentTree ├── timed-out@2.0.0
94 silly currentTree ├── timers-browserify@1.4.2
94 silly currentTree ├── to-fast-properties@1.0.2
94 silly currentTree ├─┬ touch@0.0.3
94 silly currentTree │ └── nopt@1.0.10
94 silly currentTree ├── tough-cookie@2.3.1
94 silly currentTree ├── tr46@0.0.3
94 silly currentTree ├── traverse@0.3.9
94 silly currentTree ├── trim-newlines@1.0.0
94 silly currentTree ├── trim-right@1.0.1
94 silly currentTree ├── truncate-utf8-bytes@1.0.1
94 silly currentTree ├── try-resolve@1.0.1
94 silly currentTree ├── tryit@1.0.2
94 silly currentTree ├── tryor@0.1.2
94 silly currentTree ├── tty-browserify@0.0.0
94 silly currentTree ├── tunnel-agent@0.4.3
94 silly currentTree ├── tweetnacl@0.13.3
94 silly currentTree ├── type-check@0.3.2
94 silly currentTree ├── typedarray@0.0.6
94 silly currentTree ├─┬ uglify-js@2.7.3
94 silly currentTree │ ├── async@0.2.10
94 silly currentTree │ ├── camelcase@1.2.1
94 silly currentTree │ ├── cliui@2.1.0
94 silly currentTree │ ├── source-map@0.5.6
94 silly currentTree │ ├── window-size@0.1.0
94 silly currentTree │ ├── wordwrap@0.0.2
94 silly currentTree │ └── yargs@3.10.0
94 silly currentTree ├── uglify-to-browserify@1.0.2
94 silly currentTree ├── uid-number@0.0.5
94 silly currentTree ├── unzip-response@1.0.1
94 silly currentTree ├── update-notifier@1.0.2
94 silly currentTree ├── url-parse-lax@1.0.0
94 silly currentTree ├─┬ url@0.10.3
94 silly currentTree │ └── punycode@1.3.2
94 silly currentTree ├── user-home@2.0.0
94 silly currentTree ├── utf8-byte-length@1.0.3
94 silly currentTree ├── util-deprecate@1.0.2
94 silly currentTree ├── util-extend@1.0.3
94 silly currentTree ├─┬ util@0.10.3
94 silly currentTree │ └── inherits@2.0.1
94 silly currentTree ├── uuid-1345@0.99.6
94 silly currentTree ├── uuid@2.0.3
94 silly currentTree ├── validate-npm-package-license@3.0.1
94 silly currentTree ├── verror@1.3.6
94 silly currentTree ├── vinyl@0.5.3
94 silly currentTree ├── vm-browserify@0.0.4
94 silly currentTree ├─┬ watchpack@0.2.9
94 silly currentTree │ └── async@0.9.2
94 silly currentTree ├── webidl-conversions@2.0.1
94 silly currentTree ├─┬ webpack-core@0.6.8
94 silly currentTree │ └── source-map@0.4.4
94 silly currentTree ├── webpack-target-electron-renderer@0.3.0
94 silly currentTree ├─┬ webpack@1.13.2
94 silly currentTree │ ├── acorn@3.3.0
94 silly currentTree │ ├── async@1.5.2
94 silly currentTree │ ├── camelcase@1.2.1
94 silly currentTree │ ├── cliui@2.1.0
94 silly currentTree │ ├── source-map@0.5.6
94 silly currentTree │ ├── supports-color@3.1.2
94 silly currentTree │ ├─┬ uglify-js@2.6.4
94 silly currentTree │ │ └── async@0.2.10
94 silly currentTree │ ├── window-size@0.1.0
94 silly currentTree │ ├── wordwrap@0.0.2
94 silly currentTree │ └── yargs@3.10.0
94 silly currentTree ├── whatwg-url-compat@0.6.5
94 silly currentTree ├── which-module@1.0.0
94 silly currentTree ├── which@1.2.11
94 silly currentTree ├── wide-align@1.1.0
94 silly currentTree ├── widest-line@1.0.0
94 silly currentTree ├── window-size@0.2.0
94 silly currentTree ├── wordwrap@0.0.3
94 silly currentTree ├── wrap-ansi@2.0.0
94 silly currentTree ├── wrappy@1.0.2
94 silly currentTree ├── write-file-atomic@1.2.0
94 silly currentTree ├── write@0.2.1
94 silly currentTree ├── xdg-basedir@2.0.0
94 silly currentTree ├── xml-escape@1.0.0
94 silly currentTree ├── xml-name-validator@2.0.1
94 silly currentTree ├── xmlbuilder@8.2.2
94 silly currentTree ├── xmldom@0.1.22
94 silly currentTree ├── xtend@4.0.1
94 silly currentTree ├── y18n@3.2.1
94 silly currentTree ├─┬ yargs-parser@3.2.0
94 silly currentTree │ └── camelcase@3.0.0
94 silly currentTree ├── yargs@5.0.0
94 silly currentTree ├── yauzl@2.4.1
94 silly currentTree └── zip-stream@1.1.0
95 silly idealTree FastFlow@0.8.0
95 silly idealTree ├── 7zip-bin-linux@1.0.2
95 silly idealTree ├── 7zip-bin@2.0.1
95 silly idealTree ├── abab@1.0.3
95 silly idealTree ├── abbrev@1.0.9
95 silly idealTree ├─┬ acorn-globals@1.0.9
95 silly idealTree │ └── acorn@2.7.0
95 silly idealTree ├── acorn@1.2.2
95 silly idealTree ├── adm-zip@0.4.7
95 silly idealTree ├── align-text@0.1.4
95 silly idealTree ├── alter@0.2.0
95 silly idealTree ├── amdefine@1.0.0
95 silly idealTree ├── ansi-align@1.1.0
95 silly idealTree ├── ansi-escapes@1.4.0
95 silly idealTree ├── ansi-regex@2.0.0
95 silly idealTree ├── ansi-styles@2.2.1
95 silly idealTree ├── anymatch@1.3.0
95 silly idealTree ├── aproba@1.0.4
95 silly idealTree ├── archiver-utils@1.3.0
95 silly idealTree ├── archiver@1.1.0
95 silly idealTree ├── are-we-there-yet@1.1.2
95 silly idealTree ├── argparse@1.0.7
95 silly idealTree ├── arr-diff@2.0.0
95 silly idealTree ├── arr-flatten@1.0.1
95 silly idealTree ├── array-differ@1.0.0
95 silly idealTree ├── array-find-index@1.0.1
95 silly idealTree ├── array-index@1.0.0
95 silly idealTree ├── array-union@1.0.2
95 silly idealTree ├── array-uniq@1.0.3
95 silly idealTree ├── array-unique@0.2.1
95 silly idealTree ├── arrify@1.0.1
95 silly idealTree ├── asap@2.0.4
95 silly idealTree ├── asar-electron-builder@0.13.5
95 silly idealTree ├── asn1@0.2.3
95 silly idealTree ├── assert-plus@0.2.0
95 silly idealTree ├── assert@1.4.1
95 silly idealTree ├── ast-traverse@0.1.1
95 silly idealTree ├── ast-types@0.8.12
95 silly idealTree ├── async-each@1.0.1
95 silly idealTree ├── async@2.0.1
95 silly idealTree ├── asynckit@0.4.0
95 silly idealTree ├── aws-sign2@0.6.0
95 silly idealTree ├── aws4@1.4.1
95 silly idealTree ├─┬ babel-core@5.8.38
95 silly idealTree │ ├── bluebird@2.11.0
95 silly idealTree │ ├── globals@6.4.1
95 silly idealTree │ ├── json5@0.4.0
95 silly idealTree │ ├── lodash@3.10.1
95 silly idealTree │ ├── minimatch@2.0.10
95 silly idealTree │ ├── repeating@1.1.3
95 silly idealTree │ ├─┬ source-map-support@0.2.10
95 silly idealTree │ │ └── source-map@0.1.32
95 silly idealTree │ └── source-map@0.5.6
95 silly idealTree ├── babel-plugin-constant-folding@1.0.1
95 silly idealTree ├── babel-plugin-dead-code-elimination@1.0.2
95 silly idealTree ├── babel-plugin-eval@1.0.1
95 silly idealTree ├── babel-plugin-inline-environment-variables@1.0.1
95 silly idealTree ├── babel-plugin-jscript@1.0.4
95 silly idealTree ├── babel-plugin-member-expression-literals@1.0.1
95 silly idealTree ├── babel-plugin-property-literals@1.0.1
95 silly idealTree ├─┬ babel-plugin-proto-to-assign@1.0.4
95 silly idealTree │ └── lodash@3.10.1
95 silly idealTree ├── babel-plugin-react-constant-elements@1.0.3
95 silly idealTree ├── babel-plugin-react-display-name@1.0.3
95 silly idealTree ├── babel-plugin-remove-console@1.0.1
95 silly idealTree ├── babel-plugin-remove-debugger@1.0.1
95 silly idealTree ├── babel-plugin-runtime@1.0.7
95 silly idealTree ├── babel-plugin-undeclared-variables-check@1.0.2
95 silly idealTree ├── babel-plugin-undefined-to-void@1.1.6
95 silly idealTree ├── babel-runtime@5.8.38
95 silly idealTree ├─┬ babel@5.8.38
95 silly idealTree │ ├── glob@5.0.15
95 silly idealTree │ ├── lodash@3.10.1
95 silly idealTree │ └── source-map@0.5.6
95 silly idealTree ├── babylon@5.8.38
95 silly idealTree ├── balanced-match@0.4.2
95 silly idealTree ├── base64-js@1.1.2
95 silly idealTree ├── Base64@0.2.1
95 silly idealTree ├─┬ bcrypt-pbkdf@1.0.0
95 silly idealTree │ └── tweetnacl@0.14.3
95 silly idealTree ├── beeper@1.1.0
95 silly idealTree ├── big.js@3.1.3
95 silly idealTree ├── binary-extensions@1.6.0
95 silly idealTree ├── binary@0.3.0
95 silly idealTree ├─┬ bl@1.1.2
95 silly idealTree │ └── readable-stream@2.0.6
95 silly idealTree ├── block-stream@0.0.9
95 silly idealTree ├── bluebird@3.4.6
95 silly idealTree ├── boom@2.10.1
95 silly idealTree ├── boxen@0.6.0
95 silly idealTree ├── brace-expansion@1.1.6
95 silly idealTree ├── braces@1.8.5
95 silly idealTree ├── breakable@1.0.0
95 silly idealTree ├── browserify-zlib@0.1.4
95 silly idealTree ├── buffer-crc32@0.2.5
95 silly idealTree ├── buffer-shims@1.0.0
95 silly idealTree ├── buffer@4.9.1
95 silly idealTree ├── buffers@0.1.1
95 silly idealTree ├── builtin-modules@1.1.1
95 silly idealTree ├── camelcase-keys@2.1.0
95 silly idealTree ├── camelcase@2.1.1
95 silly idealTree ├── capture-stack-trace@1.0.0
95 silly idealTree ├── caseless@0.11.0
95 silly idealTree ├── center-align@0.1.3
95 silly idealTree ├── chainsaw@0.1.0
95 silly idealTree ├── chalk@1.1.3
95 silly idealTree ├── chokidar@1.6.0
95 silly idealTree ├── chromedriver@2.24.1
95 silly idealTree ├── chromium-pickle-js@0.2.0
95 silly idealTree ├── circular-json@0.3.1
95 silly idealTree ├── cli-boxes@1.0.0
95 silly idealTree ├── cli-cursor@1.0.2
95 silly idealTree ├── cli-width@1.1.1
95 silly idealTree ├── cliui@3.2.0
95 silly idealTree ├── clone-stats@0.0.1
95 silly idealTree ├── clone@1.0.2
95 silly idealTree ├── code-point-at@1.0.0
95 silly idealTree ├── combined-stream@1.0.5
95 silly idealTree ├── commander@2.9.0
95 silly idealTree ├─┬ commoner@0.10.4
95 silly idealTree │ └── glob@5.0.15
95 silly idealTree ├── compare-version@0.1.2
95 silly idealTree ├── compress-commons@1.1.0
95 silly idealTree ├── concat-map@0.0.1
95 silly idealTree ├─┬ concat-stream@1.5.0
95 silly idealTree │ └── readable-stream@2.0.6
95 silly idealTree ├── config-chain@1.1.10
95 silly idealTree ├── configstore@2.1.0
95 silly idealTree ├── console-browserify@1.1.0
95 silly idealTree ├── console-control-strings@1.1.0
95 silly idealTree ├── constants-browserify@0.0.1
95 silly idealTree ├── convert-source-map@1.3.0
95 silly idealTree ├── core-js@1.2.7
95 silly idealTree ├── core-util-is@1.0.2
95 silly idealTree ├── crc32-stream@1.0.0
95 silly idealTree ├── create-error-class@3.0.2
95 silly idealTree ├── cryptiles@2.0.5
95 silly idealTree ├── crypto-browserify@3.2.8
95 silly idealTree ├── cssom@0.3.1
95 silly idealTree ├── cssstyle@0.2.37
95 silly idealTree ├── ctype@0.5.3
95 silly idealTree ├── cuint@0.2.2
95 silly idealTree ├── currently-unhandled@0.4.1
95 silly idealTree ├── d@0.1.1
95 silly idealTree ├─┬ dashdash@1.14.0
95 silly idealTree │ └── assert-plus@1.0.0
95 silly idealTree ├── date-now@0.1.4
95 silly idealTree ├── dateformat@1.0.12
95 silly idealTree ├── debug@2.2.0
95 silly idealTree ├── debuglog@1.0.1
95 silly idealTree ├── decamelize@1.2.0
95 silly idealTree ├─┬ decompress-zip@0.1.0
95 silly idealTree │ ├── graceful-fs@3.0.11
95 silly idealTree │ ├── isarray@0.0.1
95 silly idealTree │ └── readable-stream@1.1.14
95 silly idealTree ├── deep-extend@0.4.1
95 silly idealTree ├── deep-is@0.1.3
95 silly idealTree ├── defined@1.0.0
95 silly idealTree ├─┬ defs@1.1.1
95 silly idealTree │ ├── camelcase@1.2.1
95 silly idealTree │ ├── cliui@2.1.0
95 silly idealTree │ ├── esprima-fb@15001.1001.0-dev-harmony-fb
95 silly idealTree │ ├── window-size@0.1.4
95 silly idealTree │ ├── wordwrap@0.0.2
95 silly idealTree │ └── yargs@3.27.0
95 silly idealTree ├── del@2.2.2
95 silly idealTree ├── delayed-stream@1.0.0
95 silly idealTree ├── delegates@1.0.0
95 silly idealTree ├─┬ detect-indent@3.0.1
95 silly idealTree │ └── repeating@1.1.3
95 silly idealTree ├── detective@4.3.1
95 silly idealTree ├── dezalgo@1.0.3
95 silly idealTree ├─┬ doctrine@0.7.2
95 silly idealTree │ ├── esutils@1.1.6
95 silly idealTree │ └── isarray@0.0.1
95 silly idealTree ├── domain-browser@1.1.7
95 silly idealTree ├── dot-prop@3.0.0
95 silly idealTree ├── duplexer2@0.1.4
95 silly idealTree ├── ecc-jsbn@0.1.1
95 silly idealTree ├─┬ electron-builder@6.7.7
95 silly idealTree │ └── semver@5.3.0
95 silly idealTree ├── electron-debug@1.0.1
95 silly idealTree ├── electron-download@2.1.2
95 silly idealTree ├── electron-is-dev@0.1.2
95 silly idealTree ├── electron-localshortcut@0.6.1
95 silly idealTree ├── electron-osx-sign-tf@1.0.0
95 silly idealTree ├─┬ electron-packager@5.2.1
95 silly idealTree │ ├── asar@0.8.3
95 silly idealTree │ ├── base64-js@0.0.8
95 silly idealTree │ ├── chromium-pickle-js@0.1.0
95 silly idealTree │ ├── commander@2.3.0
95 silly idealTree │ ├── cuint@0.1.5
95 silly idealTree │ ├── electron-download@1.4.1
95 silly idealTree │ ├── glob@5.0.15
95 silly idealTree │ ├── lodash@3.10.1
95 silly idealTree │ ├── minimatch@2.0.4
95 silly idealTree │ ├── plist@1.2.0
95 silly idealTree │ └── xmlbuilder@4.0.0
95 silly idealTree ├── electron-prebuilt@0.36.12
95 silly idealTree ├─┬ electron-rebuild@1.2.1
95 silly idealTree │ ├── glob@6.0.4
95 silly idealTree │ ├── lodash@3.10.1
95 silly idealTree │ ├── window-size@0.1.4
95 silly idealTree │ └── yargs@3.32.0
95 silly idealTree ├── emojis-list@2.0.1
95 silly idealTree ├── end-of-stream@1.1.0
95 silly idealTree ├─┬ enhanced-resolve@0.9.1
95 silly idealTree │ └── memory-fs@0.2.0
95 silly idealTree ├── errno@0.1.4
95 silly idealTree ├── error-ex@1.3.0
95 silly idealTree ├── es5-ext@0.10.12
95 silly idealTree ├── es6-iterator@2.0.0
95 silly idealTree ├── es6-map@0.1.4
95 silly idealTree ├── es6-set@0.1.4
95 silly idealTree ├── es6-symbol@3.1.0
95 silly idealTree ├── es6-weak-map@2.0.1
95 silly idealTree ├── escape-string-regexp@1.0.5
95 silly idealTree ├─┬ escodegen@1.8.1
95 silly idealTree │ ├── esprima@2.7.3
95 silly idealTree │ ├── estraverse@1.9.3
95 silly idealTree │ ├── fast-levenshtein@1.1.4
95 silly idealTree │ ├── levn@0.3.0
95 silly idealTree │ ├── optionator@0.8.1
95 silly idealTree │ ├── source-map@0.2.0
95 silly idealTree │ └── wordwrap@1.0.0
95 silly idealTree ├── escope@3.6.0
95 silly idealTree ├─┬ eslint@1.10.3
95 silly idealTree │ └── glob@5.0.15
95 silly idealTree ├── espree@2.2.5
95 silly idealTree ├─┬ esrecurse@4.1.0
95 silly idealTree │ └── estraverse@4.1.1
95 silly idealTree ├── estraverse-fb@1.3.1
95 silly idealTree ├── estraverse@4.2.0
95 silly idealTree ├── esutils@2.0.2
95 silly idealTree ├── event-emitter@0.3.4
95 silly idealTree ├── events@1.1.1
95 silly idealTree ├── exit-hook@1.1.1
95 silly idealTree ├── expand-brackets@0.1.5
95 silly idealTree ├── expand-range@1.8.2
95 silly idealTree ├── extend@3.0.0
95 silly idealTree ├── extglob@0.3.2
95 silly idealTree ├─┬ extract-text-webpack-plugin@0.9.1
95 silly idealTree │ └── async@1.5.2
95 silly idealTree ├─┬ extract-zip@1.5.0
95 silly idealTree │ ├── debug@0.7.4
95 silly idealTree │ ├── minimist@0.0.8
95 silly idealTree │ └── mkdirp@0.5.0
95 silly idealTree ├── extsprintf@1.0.2
95 silly idealTree ├── fancy-log@1.2.0
95 silly idealTree ├── fast-levenshtein@1.0.7
95 silly idealTree ├─┬ fbjs-scripts@0.5.0
95 silly idealTree │ ├── readable-stream@2.0.6
95 silly idealTree │ ├── semver@5.3.0
95 silly idealTree │ └── through2@2.0.1
95 silly idealTree ├── fd-slicer@1.0.1
95 silly idealTree ├── figures@1.7.0
95 silly idealTree ├── file-entry-cache@1.3.1
95 silly idealTree ├── filename-regex@2.0.0
95 silly idealTree ├── fill-range@2.2.3
95 silly idealTree ├── filled-array@1.1.0
95 silly idealTree ├─┬ find-up@1.1.2
95 silly idealTree │ └── path-exists@2.1.0
95 silly idealTree ├── flat-cache@1.2.1
95 silly idealTree ├── for-in@0.1.6
95 silly idealTree ├── for-own@0.1.4
95 silly idealTree ├── forever-agent@0.6.1
95 silly idealTree ├── form-data@2.0.0
95 silly idealTree ├── fs-extra-p@1.1.8
95 silly idealTree ├── fs-extra-tf@0.30.2
95 silly idealTree ├─┬ fs-extra@0.18.2
95 silly idealTree │ └── graceful-fs@3.0.11
95 silly idealTree ├── fs-readdir-recursive@0.1.2
95 silly idealTree ├── fs.realpath@1.0.0
95 silly idealTree ├── fstream@1.0.10
95 silly idealTree ├── gauge@2.6.0
95 silly idealTree ├── generate-function@2.0.0
95 silly idealTree ├── generate-object-property@1.2.0
95 silly idealTree ├── get-caller-file@1.0.2
95 silly idealTree ├── get-package-info@0.0.2
95 silly idealTree ├── get-stdin@4.0.1
95 silly idealTree ├─┬ getpass@0.1.6
95 silly idealTree │ └── assert-plus@1.0.0
95 silly idealTree ├── glob-base@0.3.0
95 silly idealTree ├── glob-parent@2.0.0
95 silly idealTree ├── glob@7.0.6
95 silly idealTree ├── globals@8.18.0
95 silly idealTree ├── globby@5.0.0
95 silly idealTree ├── glogg@1.0.0
95 silly idealTree ├── got@5.6.0
95 silly idealTree ├── graceful-fs@4.1.6
95 silly idealTree ├── graceful-readlink@1.0.1
95 silly idealTree ├─┬ gulp-util@3.0.7
95 silly idealTree │ ├── lodash.template@3.6.2
95 silly idealTree │ ├── lodash.templatesettings@3.1.1
95 silly idealTree │ ├── object-assign@3.0.0
95 silly idealTree │ ├── readable-stream@2.0.6
95 silly idealTree │ └── through2@2.0.1
95 silly idealTree ├── gulplog@1.0.0
95 silly idealTree ├─┬ handlebars@4.0.5
95 silly idealTree │ ├── async@1.5.2
95 silly idealTree │ └── source-map@0.4.4
95 silly idealTree ├── har-validator@2.0.6
95 silly idealTree ├── has-ansi@2.0.0
95 silly idealTree ├── has-color@0.1.7
95 silly idealTree ├── has-flag@1.0.0
95 silly idealTree ├── has-gulplog@0.1.0
95 silly idealTree ├── has-unicode@2.0.1
95 silly idealTree ├── hawk@3.1.3
95 silly idealTree ├── hoek@2.16.3
95 silly idealTree ├─┬ home-or-tmp@1.0.0
95 silly idealTree │ └── user-home@1.1.1
95 silly idealTree ├── home-path@1.0.3
95 silly idealTree ├── hosted-git-info@2.1.5
95 silly idealTree ├── http-browserify@1.7.0
95 silly idealTree ├── http-signature@1.1.1
95 silly idealTree ├── https-browserify@0.0.0
95 silly idealTree ├── iconv-lite@0.4.13
95 silly idealTree ├── ieee754@1.1.6
95 silly idealTree ├── image-size@0.5.0
95 silly idealTree ├── imurmurhash@0.1.4
95 silly idealTree ├── indent-string@2.1.0
95 silly idealTree ├── indexof@0.0.1
95 silly idealTree ├── inflight@1.0.5
95 silly idealTree ├── inherits@2.0.3
95 silly idealTree ├── ini@1.3.4
95 silly idealTree ├─┬ inquirer@0.11.4
95 silly idealTree │ └── lodash@3.10.1
95 silly idealTree ├── interpret@0.6.6
95 silly idealTree ├── invert-kv@1.0.0
95 silly idealTree ├── is-arrayish@0.2.1
95 silly idealTree ├── is-binary-path@1.0.1
95 silly idealTree ├── is-buffer@1.1.4
95 silly idealTree ├── is-builtin-module@1.0.0
95 silly idealTree ├── is-dotfile@1.0.2
95 silly idealTree ├── is-equal-shallow@0.1.3
95 silly idealTree ├── is-extendable@0.1.1
95 silly idealTree ├── is-extglob@1.0.0
95 silly idealTree ├── is-finite@1.0.1
95 silly idealTree ├── is-fullwidth-code-point@1.0.0
95 silly idealTree ├── is-glob@2.0.1
95 silly idealTree ├── is-integer@1.0.6
95 silly idealTree ├── is-my-json-valid@2.14.0
95 silly idealTree ├── is-npm@1.0.0
95 silly idealTree ├── is-number@2.1.0
95 silly idealTree ├── is-obj@1.0.1
95 silly idealTree ├── is-path-cwd@1.0.0
95 silly idealTree ├── is-path-in-cwd@1.0.0
95 silly idealTree ├── is-path-inside@1.0.0
95 silly idealTree ├── is-plain-obj@1.1.0
95 silly idealTree ├── is-posix-bracket@0.1.1
95 silly idealTree ├── is-primitive@2.0.0
95 silly idealTree ├── is-property@1.0.2
95 silly idealTree ├── is-redirect@1.0.0
95 silly idealTree ├── is-resolvable@1.0.0
95 silly idealTree ├── is-retry-allowed@1.1.0
95 silly idealTree ├── is-stream@1.1.0
95 silly idealTree ├── is-typedarray@1.0.0
95 silly idealTree ├── is-utf8@0.2.1
95 silly idealTree ├── isarray@1.0.0
95 silly idealTree ├── isbinaryfile@3.0.1
95 silly idealTree ├── isexe@1.1.2
95 silly idealTree ├── isobject@2.1.0
95 silly idealTree ├── isstream@0.1.2
95 silly idealTree ├── jju@1.3.0
95 silly idealTree ├── jodid25519@1.0.2
95 silly idealTree ├── js-tokens@1.0.1
95 silly idealTree ├─┬ js-yaml@3.4.5
95 silly idealTree │ └── esprima@2.7.3
95 silly idealTree ├── jsbn@0.1.0
95 silly idealTree ├─┬ jsdom@7.2.2
95 silly idealTree │ └── acorn@2.7.0
95 silly idealTree ├── jsesc@0.5.0
95 silly idealTree ├── json-parse-helpfulerror@1.0.3
95 silly idealTree ├── json-schema@0.2.3
95 silly idealTree ├── json-stable-stringify@1.0.1
95 silly idealTree ├── json-stringify-safe@5.0.1
95 silly idealTree ├── json5@0.5.0
95 silly idealTree ├── jsonfile@2.4.0
95 silly idealTree ├── jsonify@0.0.0
95 silly idealTree ├── jsonpointer@2.0.0
95 silly idealTree ├── jsprim@1.3.1
95 silly idealTree ├── kew@0.5.0
95 silly idealTree ├── kind-of@3.0.4
95 silly idealTree ├── klaw@1.3.0
95 silly idealTree ├── latest-version@2.0.0
95 silly idealTree ├── lazy-cache@1.0.4
95 silly idealTree ├── lazy-req@1.1.0
95 silly idealTree ├── lazystream@1.0.0
95 silly idealTree ├── lcid@1.0.0
95 silly idealTree ├── leven@1.0.2
95 silly idealTree ├── levn@0.2.5
95 silly idealTree ├── load-json-file@1.1.0
95 silly idealTree ├── loader-utils@0.2.16
95 silly idealTree ├── lodash._arraycopy@3.0.0
95 silly idealTree ├── lodash._arrayeach@3.0.0
95 silly idealTree ├── lodash._arraymap@3.0.0
95 silly idealTree ├── lodash._baseassign@3.2.0
95 silly idealTree ├── lodash._baseclone@3.3.0
95 silly idealTree ├── lodash._basecopy@3.0.1
95 silly idealTree ├── lodash._basedifference@3.0.3
95 silly idealTree ├── lodash._baseflatten@3.1.4
95 silly idealTree ├── lodash._basefor@3.0.3
95 silly idealTree ├── lodash._baseindexof@3.1.0
95 silly idealTree ├── lodash._basetostring@3.0.1
95 silly idealTree ├── lodash._basevalues@3.0.0
95 silly idealTree ├── lodash._bindcallback@3.0.1
95 silly idealTree ├── lodash._cacheindexof@3.0.2
95 silly idealTree ├── lodash._createassigner@3.1.1
95 silly idealTree ├── lodash._createcache@3.1.2
95 silly idealTree ├── lodash._getnative@3.9.1
95 silly idealTree ├── lodash._isiterateecall@3.0.9
95 silly idealTree ├── lodash._pickbyarray@3.0.2
95 silly idealTree ├── lodash._pickbycallback@3.0.0
95 silly idealTree ├── lodash._reescape@3.0.0
95 silly idealTree ├── lodash._reevaluate@3.0.0
95 silly idealTree ├── lodash._reinterpolate@3.0.0
95 silly idealTree ├── lodash._root@3.0.1
95 silly idealTree ├── lodash.assign@4.2.0
95 silly idealTree ├── lodash.clonedeep@3.0.2
95 silly idealTree ├── lodash.escape@3.2.0
95 silly idealTree ├── lodash.get@4.4.2
95 silly idealTree ├── lodash.isarguments@3.1.0
95 silly idealTree ├── lodash.isarray@3.0.4
95 silly idealTree ├── lodash.isplainobject@3.2.0
95 silly idealTree ├── lodash.istypedarray@3.0.6
95 silly idealTree ├── lodash.keys@3.1.2
95 silly idealTree ├── lodash.keysin@3.0.8
95 silly idealTree ├── lodash.merge@3.3.2
95 silly idealTree ├── lodash.omit@3.1.0
95 silly idealTree ├── lodash.restparam@3.6.1
95 silly idealTree ├── lodash.template@4.4.0
95 silly idealTree ├── lodash.templatesettings@4.1.0
95 silly idealTree ├── lodash.toplainobject@3.0.0
95 silly idealTree ├── lodash@4.16.0
95 silly idealTree ├── longest@1.0.1
95 silly idealTree ├── loud-rejection@1.6.0
95 silly idealTree ├── lowercase-keys@1.0.0
95 silly idealTree ├── macaddress@0.2.8
95 silly idealTree ├── map-obj@1.0.1
95 silly idealTree ├── memory-fs@0.3.0
95 silly idealTree ├── meow@3.7.0
95 silly idealTree ├── micromatch@2.3.11
95 silly idealTree ├── mime-db@1.24.0
95 silly idealTree ├── mime-types@2.1.12
95 silly idealTree ├── mime@1.3.4
95 silly idealTree ├── minimatch@3.0.3
95 silly idealTree ├── minimist@1.2.0
95 silly idealTree ├─┬ mkdirp@0.5.1
95 silly idealTree │ └── minimist@0.0.8
95 silly idealTree ├── mkpath@0.1.0
95 silly idealTree ├─┬ mksnapshot@0.1.0
95 silly idealTree │ ├── asn1@0.1.11
95 silly idealTree │ ├── assert-plus@0.1.5
95 silly idealTree │ ├── async@0.9.2
95 silly idealTree │ ├── aws-sign2@0.5.0
95 silly idealTree │ ├── bl@0.9.5
95 silly idealTree │ ├── bluebird@2.11.0
95 silly idealTree │ ├── caseless@0.9.0
95 silly idealTree │ ├── combined-stream@0.0.7
95 silly idealTree │ ├── delayed-stream@0.0.5
95 silly idealTree │ ├── form-data@0.2.0
95 silly idealTree │ ├── har-validator@1.8.0
95 silly idealTree │ ├── hawk@2.3.1
95 silly idealTree │ ├── http-signature@0.10.1
95 silly idealTree │ ├── isarray@0.0.1
95 silly idealTree │ ├── mime-db@1.12.0
95 silly idealTree │ ├── mime-types@2.0.14
95 silly idealTree │ ├── oauth-sign@0.6.0
95 silly idealTree │ ├── qs@2.4.2
95 silly idealTree │ ├── readable-stream@1.0.34
95 silly idealTree │ └── request@2.55.0
95 silly idealTree ├── ms@0.7.1
95 silly idealTree ├─┬ multipipe@0.1.2
95 silly idealTree │ ├── duplexer2@0.0.2
95 silly idealTree │ ├── isarray@0.0.1
95 silly idealTree │ └── readable-stream@1.1.14
95 silly idealTree ├── mute-stream@0.0.5
95 silly idealTree ├─┬ mv@2.1.1
95 silly idealTree │ ├── glob@6.0.4
95 silly idealTree │ └── rimraf@2.4.5
95 silly idealTree ├── nan@2.4.0
95 silly idealTree ├── natives@1.1.0
95 silly idealTree ├── ncp@2.0.0
95 silly idealTree ├── node-gyp@3.4.0
95 silly idealTree ├─┬ node-libs-browser@0.6.0
95 silly idealTree │ ├── isarray@0.0.1
95 silly idealTree │ └── readable-stream@1.1.14
95 silly idealTree ├── node-status-codes@1.0.0
95 silly idealTree ├── node-uuid@1.4.7
95 silly idealTree ├── nopt@3.0.6
95 silly idealTree ├── normalize-package-data@2.3.5
95 silly idealTree ├── normalize-path@2.0.1
95 silly idealTree ├─┬ npm@3.10.7
95 silly idealTree │ ├── abbrev@1.0.9
95 silly idealTree │ ├── ansi-regex@2.0.0
95 silly idealTree │ ├── ansicolors@0.3.2
95 silly idealTree │ ├── ansistyles@0.1.3
95 silly idealTree │ ├── aproba@1.0.4
95 silly idealTree │ ├── archy@1.0.0
95 silly idealTree │ ├── asap@2.0.4
95 silly idealTree │ ├── chownr@1.0.1
95 silly idealTree │ ├── cmd-shim@2.0.2
95 silly idealTree │ ├─┬ columnify@1.5.4
95 silly idealTree │ │ └─┬ wcwidth@1.0.0
95 silly idealTree │ │   └─┬ defaults@1.0.3
95 silly idealTree │ │     └── clone@1.0.2
95 silly idealTree │ ├─┬ config-chain@1.1.10
95 silly idealTree │ │ └── proto-list@1.2.4
95 silly idealTree │ ├── debuglog@1.0.1
95 silly idealTree │ ├── dezalgo@1.0.3
95 silly idealTree │ ├── editor@1.0.0
95 silly idealTree │ ├── fs-vacuum@1.2.9
95 silly idealTree │ ├── fs-write-stream-atomic@1.0.8
95 silly idealTree │ ├─┬ fstream-npm@1.1.1
95 silly idealTree │ │ └─┬ fstream-ignore@1.0.5
95 silly idealTree │ │   └─┬ minimatch@3.0.3
95 silly idealTree │ │     └─┬ brace-expansion@1.1.6
95 silly idealTree │ │       ├── balanced-match@0.4.2
95 silly idealTree │ │       └── concat-map@0.0.1
95 silly idealTree │ ├── fstream@1.0.10
95 silly idealTree │ ├─┬ glob@7.0.5
95 silly idealTree │ │ ├── fs.realpath@1.0.0
95 silly idealTree │ │ ├─┬ minimatch@3.0.3
95 silly idealTree │ │ │ └─┬ brace-expansion@1.1.6
95 silly idealTree │ │ │   ├── balanced-match@0.4.2
95 silly idealTree │ │ │   └── concat-map@0.0.1
95 silly idealTree │ │ └── path-is-absolute@1.0.0
95 silly idealTree │ ├── graceful-fs@4.1.5
95 silly idealTree │ ├── has-unicode@2.0.1
95 silly idealTree │ ├── hosted-git-info@2.1.5
95 silly idealTree │ ├── iferr@0.1.5
95 silly idealTree │ ├── imurmurhash@0.1.4
95 silly idealTree │ ├── inflight@1.0.5
95 silly idealTree │ ├── inherits@2.0.1
95 silly idealTree │ ├── ini@1.3.4
95 silly idealTree │ ├─┬ init-package-json@1.9.4
95 silly idealTree │ │ ├─┬ glob@6.0.4
95 silly idealTree │ │ │ ├─┬ minimatch@3.0.3
95 silly idealTree │ │ │ │ └─┬ brace-expansion@1.1.6
95 silly idealTree │ │ │ │   ├── balanced-match@0.4.2
95 silly idealTree │ │ │ │   └── concat-map@0.0.1
95 silly idealTree │ │ │ └── path-is-absolute@1.0.0
95 silly idealTree │ │ └── promzard@0.3.0
95 silly idealTree │ ├── lockfile@1.0.1
95 silly idealTree │ ├── lodash._baseindexof@3.1.0
95 silly idealTree │ ├─┬ lodash._baseuniq@4.6.0
95 silly idealTree │ │ ├── lodash._createset@4.0.3
95 silly idealTree │ │ └── lodash._root@3.0.1
95 silly idealTree │ ├── lodash._bindcallback@3.0.1
95 silly idealTree │ ├── lodash._cacheindexof@3.0.2
95 silly idealTree │ ├── lodash._createcache@3.1.2
95 silly idealTree │ ├── lodash._getnative@3.9.1
95 silly idealTree │ ├── lodash.clonedeep@4.4.1
95 silly idealTree │ ├── lodash.restparam@3.6.1
95 silly idealTree │ ├── lodash.union@4.5.0
95 silly idealTree │ ├── lodash.uniq@4.4.0
95 silly idealTree │ ├── lodash.without@4.3.0
95 silly idealTree │ ├─┬ mkdirp@0.5.1
95 silly idealTree │ │ └── minimist@0.0.8
95 silly idealTree │ ├─┬ node-gyp@3.4.0
95 silly idealTree │ │ ├─┬ minimatch@3.0.3
95 silly idealTree │ │ │ └─┬ brace-expansion@1.1.6
95 silly idealTree │ │ │   ├── balanced-match@0.4.2
95 silly idealTree │ │ │   └── concat-map@0.0.1
95 silly idealTree │ │ └─┬ path-array@1.0.1
95 silly idealTree │ │   └─┬ array-index@1.0.0
95 silly idealTree │ │     ├─┬ debug@2.2.0
95 silly idealTree │ │     │ └── ms@0.7.1
95 silly idealTree │ │     └─┬ es6-symbol@3.1.0
95 silly idealTree │ │       ├── d@0.1.1
95 silly idealTree │ │       └─┬ es5-ext@0.10.12
95 silly idealTree │ │         └── es6-iterator@2.0.0
95 silly idealTree │ ├── nopt@3.0.6
95 silly idealTree │ ├── normalize-git-url@3.0.2
95 silly idealTree │ ├─┬ normalize-package-data@2.3.5
95 silly idealTree │ │ └─┬ is-builtin-module@1.0.0
95 silly idealTree │ │   └── builtin-modules@1.1.1
95 silly idealTree │ ├── npm-cache-filename@1.0.2
95 silly idealTree │ ├── npm-install-checks@3.0.0
95 silly idealTree │ ├── npm-package-arg@4.2.0
95 silly idealTree │ ├─┬ npm-registry-client@7.1.2
95 silly idealTree │ │ ├─┬ concat-stream@1.5.1
95 silly idealTree │ │ │ ├─┬ readable-stream@2.0.6
95 silly idealTree │ │ │ │ ├── core-util-is@1.0.2
95 silly idealTree │ │ │ │ ├── isarray@1.0.0
95 silly idealTree │ │ │ │ ├── process-nextick-args@1.0.7
95 silly idealTree │ │ │ │ ├── string_decoder@0.10.31
95 silly idealTree │ │ │ │ └── util-deprecate@1.0.2
95 silly idealTree │ │ │ └── typedarray@0.0.6
95 silly idealTree │ │ └── retry@0.8.0
95 silly idealTree │ ├── npm-user-validate@0.1.5
95 silly idealTree │ ├─┬ npmlog@3.1.2
95 silly idealTree │ │ ├─┬ are-we-there-yet@1.1.2
95 silly idealTree │ │ │ └── delegates@1.0.0
95 silly idealTree │ │ ├── console-control-strings@1.1.0
95 silly idealTree │ │ ├─┬ gauge@2.6.0
95 silly idealTree │ │ │ ├── has-color@0.1.7
95 silly idealTree │ │ │ ├── object-assign@4.1.0
95 silly idealTree │ │ │ ├── signal-exit@3.0.0
95 silly idealTree │ │ │ ├─┬ string-width@1.0.1
95 silly idealTree │ │ │ │ ├─┬ code-point-at@1.0.0
95 silly idealTree │ │ │ │ │ └── number-is-nan@1.0.0
95 silly idealTree │ │ │ │ └─┬ is-fullwidth-code-point@1.0.0
95 silly idealTree │ │ │ │   └── number-is-nan@1.0.0
95 silly idealTree │ │ │ └── wide-align@1.1.0
95 silly idealTree │ │ └── set-blocking@2.0.0
95 silly idealTree │ ├── once@1.3.3
95 silly idealTree │ ├── opener@1.4.1
95 silly idealTree │ ├─┬ osenv@0.1.3
95 silly idealTree │ │ ├── os-homedir@1.0.1
95 silly idealTree │ │ └── os-tmpdir@1.0.1
95 silly idealTree │ ├── path-is-inside@1.0.1
95 silly idealTree │ ├── read-cmd-shim@1.0.1
95 silly idealTree │ ├─┬ read-installed@4.0.3
95 silly idealTree │ │ └── util-extend@1.0.3
95 silly idealTree │ ├─┬ read-package-json@2.0.4
95 silly idealTree │ │ ├─┬ glob@6.0.4
95 silly idealTree │ │ │ ├─┬ minimatch@3.0.3
95 silly idealTree │ │ │ │ └─┬ brace-expansion@1.1.6
95 silly idealTree │ │ │ │   ├── balanced-match@0.4.2
95 silly idealTree │ │ │ │   └── concat-map@0.0.1
95 silly idealTree │ │ │ └── path-is-absolute@1.0.0
95 silly idealTree │ │ └─┬ json-parse-helpfulerror@1.0.3
95 silly idealTree │ │   └── jju@1.3.0
95 silly idealTree │ ├── read-package-tree@5.1.5
95 silly idealTree │ ├─┬ read@1.0.7
95 silly idealTree │ │ └── mute-stream@0.0.5
95 silly idealTree │ ├─┬ readable-stream@2.1.4
95 silly idealTree │ │ ├── buffer-shims@1.0.0
95 silly idealTree │ │ ├── core-util-is@1.0.2
95 silly idealTree │ │ ├── isarray@1.0.0
95 silly idealTree │ │ ├── process-nextick-args@1.0.7
95 silly idealTree │ │ ├── string_decoder@0.10.31
95 silly idealTree │ │ └── util-deprecate@1.0.2
95 silly idealTree │ ├── readdir-scoped-modules@1.0.2
95 silly idealTree │ ├── realize-package-specifier@3.0.3
95 silly idealTree │ ├─┬ request@2.74.0
95 silly idealTree │ │ ├── aws-sign2@0.6.0
95 silly idealTree │ │ ├── aws4@1.4.1
95 silly idealTree │ │ ├─┬ bl@1.1.2
95 silly idealTree │ │ │ └─┬ readable-stream@2.0.6
95 silly idealTree │ │ │   ├── core-util-is@1.0.2
95 silly idealTree │ │ │   ├── isarray@1.0.0
95 silly idealTree │ │ │   ├── process-nextick-args@1.0.7
95 silly idealTree │ │ │   ├── string_decoder@0.10.31
95 silly idealTree │ │ │   └── util-deprecate@1.0.2
95 silly idealTree │ │ ├── caseless@0.11.0
95 silly idealTree │ │ ├─┬ combined-stream@1.0.5
95 silly idealTree │ │ │ └── delayed-stream@1.0.0
95 silly idealTree │ │ ├── extend@3.0.0
95 silly idealTree │ │ ├── forever-agent@0.6.1
95 silly idealTree │ │ ├─┬ form-data@1.0.0-rc4
95 silly idealTree │ │ │ └── async@1.5.2
95 silly idealTree │ │ ├─┬ har-validator@2.0.6
95 silly idealTree │ │ │ ├─┬ chalk@1.1.3
95 silly idealTree │ │ │ │ ├── ansi-styles@2.2.1
95 silly idealTree │ │ │ │ ├── escape-string-regexp@1.0.5
95 silly idealTree │ │ │ │ ├── has-ansi@2.0.0
95 silly idealTree │ │ │ │ └── supports-color@2.0.0
95 silly idealTree │ │ │ ├─┬ commander@2.9.0
95 silly idealTree │ │ │ │ └── graceful-readlink@1.0.1
95 silly idealTree │ │ │ ├─┬ is-my-json-valid@2.13.1
95 silly idealTree │ │ │ │ ├── generate-function@2.0.0
95 silly idealTree │ │ │ │ ├─┬ generate-object-property@1.2.0
95 silly idealTree │ │ │ │ │ └── is-property@1.0.2
95 silly idealTree │ │ │ │ ├── jsonpointer@2.0.0
95 silly idealTree │ │ │ │ └── xtend@4.0.1
95 silly idealTree │ │ │ └─┬ pinkie-promise@2.0.1
95 silly idealTree │ │ │   └── pinkie@2.0.4
95 silly idealTree │ │ ├─┬ hawk@3.1.3
95 silly idealTree │ │ │ ├── boom@2.10.1
95 silly idealTree │ │ │ ├── cryptiles@2.0.5
95 silly idealTree │ │ │ ├── hoek@2.16.3
95 silly idealTree │ │ │ └── sntp@1.0.9
95 silly idealTree │ │ ├─┬ http-signature@1.1.1
95 silly idealTree │ │ │ ├── assert-plus@0.2.0
95 silly idealTree │ │ │ ├─┬ jsprim@1.3.0
95 silly idealTree │ │ │ │ ├── extsprintf@1.0.2
95 silly idealTree │ │ │ │ ├── json-schema@0.2.2
95 silly idealTree │ │ │ │ └── verror@1.3.6
95 silly idealTree │ │ │ └─┬ sshpk@1.9.2
95 silly idealTree │ │ │   ├── asn1@0.2.3
95 silly idealTree │ │ │   ├── assert-plus@1.0.0
95 silly idealTree │ │ │   ├── dashdash@1.14.0
95 silly idealTree │ │ │   ├── ecc-jsbn@0.1.1
95 silly idealTree │ │ │   ├── getpass@0.1.6
95 silly idealTree │ │ │   ├── jodid25519@1.0.2
95 silly idealTree │ │ │   ├── jsbn@0.1.0
95 silly idealTree │ │ │   └── tweetnacl@0.13.3
95 silly idealTree │ │ ├── is-typedarray@1.0.0
95 silly idealTree │ │ ├── isstream@0.1.2
95 silly idealTree │ │ ├── json-stringify-safe@5.0.1
95 silly idealTree │ │ ├─┬ mime-types@2.1.11
95 silly idealTree │ │ │ └── mime-db@1.23.0
95 silly idealTree │ │ ├── node-uuid@1.4.7
95 silly idealTree │ │ ├── oauth-sign@0.8.2
95 silly idealTree │ │ ├── qs@6.2.1
95 silly idealTree │ │ ├── stringstream@0.0.5
95 silly idealTree │ │ ├── tough-cookie@2.3.1
95 silly idealTree │ │ └── tunnel-agent@0.4.3
95 silly idealTree │ ├── retry@0.9.0
95 silly idealTree │ ├── rimraf@2.5.4
95 silly idealTree │ ├── semver@5.1.0
95 silly idealTree │ ├── sha@2.0.1
95 silly idealTree │ ├── slide@1.1.6
95 silly idealTree │ ├── sorted-object@2.0.0
95 silly idealTree │ ├── strip-ansi@3.0.1
95 silly idealTree │ ├─┬ tar@2.2.1
95 silly idealTree │ │ └── block-stream@0.0.8
95 silly idealTree │ ├── text-table@0.2.0
95 silly idealTree │ ├── uid-number@0.0.6
95 silly idealTree │ ├── umask@1.1.0
95 silly idealTree │ ├─┬ unique-filename@1.1.0
95 silly idealTree │ │ └── unique-slug@2.0.0
95 silly idealTree │ ├── unpipe@1.0.0
95 silly idealTree │ ├─┬ validate-npm-package-license@3.0.1
95 silly idealTree │ │ ├─┬ spdx-correct@1.0.2
95 silly idealTree │ │ │ └── spdx-license-ids@1.2.0
95 silly idealTree │ │ └─┬ spdx-expression-parse@1.0.2
95 silly idealTree │ │   ├── spdx-exceptions@1.0.4
95 silly idealTree │ │   └── spdx-license-ids@1.2.0
95 silly idealTree │ ├─┬ validate-npm-package-name@2.2.2
95 silly idealTree │ │ └── builtins@0.0.7
95 silly idealTree │ ├─┬ which@1.2.10
95 silly idealTree │ │ └── isexe@1.1.2
95 silly idealTree │ ├── wrappy@1.0.2
95 silly idealTree │ └── write-file-atomic@1.1.4
95 silly idealTree ├── npmconf@2.1.2
95 silly idealTree ├── npmlog@3.1.2
95 silly idealTree ├── nslog@3.0.0
95 silly idealTree ├── nugget@1.6.2
95 silly idealTree ├── number-is-nan@1.0.0
95 silly idealTree ├── nwmatcher@1.3.8
95 silly idealTree ├── oauth-sign@0.8.2
95 silly idealTree ├── object-assign@4.1.0
95 silly idealTree ├── object-keys@0.4.0
95 silly idealTree ├── object.omit@2.0.0
95 silly idealTree ├── once@1.3.3
95 silly idealTree ├── onetime@1.1.0
95 silly idealTree ├─┬ optimist@0.6.1
95 silly idealTree │ └── minimist@0.0.10
95 silly idealTree ├── optionator@0.6.0
95 silly idealTree ├── os-browserify@0.1.2
95 silly idealTree ├── os-homedir@1.0.1
95 silly idealTree ├── os-locale@1.4.0
95 silly idealTree ├── os-tmpdir@1.0.1
95 silly idealTree ├── osenv@0.1.3
95 silly idealTree ├── output-file-sync@1.1.2
95 silly idealTree ├─┬ package-json@2.4.0
95 silly idealTree │ └── semver@5.3.0
95 silly idealTree ├── pako@0.2.9
95 silly idealTree ├── parse-glob@3.0.4
95 silly idealTree ├── parse-json@2.2.0
95 silly idealTree ├── parse-ms@1.0.1
95 silly idealTree ├── parse5@1.5.1
95 silly idealTree ├── path-array@1.0.1
95 silly idealTree ├── path-browserify@0.0.0
95 silly idealTree ├── path-exists@1.0.0
95 silly idealTree ├── path-is-absolute@1.0.0
95 silly idealTree ├── path-is-inside@1.0.2
95 silly idealTree ├── path-type@1.1.0
95 silly idealTree ├── pbkdf2-compat@2.0.1
95 silly idealTree ├── pend@1.2.0
95 silly idealTree ├── pify@2.3.0
95 silly idealTree ├── pinkie-promise@2.0.1
95 silly idealTree ├── pinkie@2.0.4
95 silly idealTree ├── plist@2.0.1
95 silly idealTree ├── plur@1.0.0
95 silly idealTree ├── prelude-ls@1.1.2
95 silly idealTree ├── prepend-http@1.0.4
95 silly idealTree ├── preserve@0.2.0
95 silly idealTree ├── pretty-bytes@1.0.4
95 silly idealTree ├── pretty-ms@2.1.0
95 silly idealTree ├── private@0.1.6
95 silly idealTree ├── process-nextick-args@1.0.7
95 silly idealTree ├── process@0.11.9
95 silly idealTree ├── progress-stream@1.2.0
95 silly idealTree ├── progress@1.1.8
95 silly idealTree ├── promise@7.1.1
95 silly idealTree ├── proto-list@1.2.4
95 silly idealTree ├── prr@0.0.0
95 silly idealTree ├── punycode@1.4.1
95 silly idealTree ├── q@1.4.1
95 silly idealTree ├── qs@6.2.1
95 silly idealTree ├── querystring-es3@0.2.1
95 silly idealTree ├── querystring@0.2.0
95 silly idealTree ├── randomatic@1.1.5
95 silly idealTree ├── rc@1.1.6
95 silly idealTree ├── rcedit@0.3.0
95 silly idealTree ├── read-all-stream@3.1.0
95 silly idealTree ├── read-installed@4.0.3
95 silly idealTree ├─┬ read-package-json@2.0.4
95 silly idealTree │ └── glob@6.0.4
95 silly idealTree ├── read-pkg-up@1.0.1
95 silly idealTree ├── read-pkg@1.1.0
95 silly idealTree ├── readable-stream@2.1.5
95 silly idealTree ├── readdir-scoped-modules@1.0.2
95 silly idealTree ├── readdirp@2.1.0
95 silly idealTree ├── readline2@1.0.1
95 silly idealTree ├─┬ recast@0.10.33
95 silly idealTree │ ├── esprima-fb@15001.1001.0-dev-harmony-fb
95 silly idealTree │ └── source-map@0.5.6
95 silly idealTree ├── redent@1.0.0
95 silly idealTree ├── regenerate@1.3.1
95 silly idealTree ├─┬ regenerator@0.8.40
95 silly idealTree │ └── esprima-fb@15001.1001.0-dev-harmony-fb
95 silly idealTree ├── regex-cache@0.4.3
95 silly idealTree ├─┬ regexpu@1.3.0
95 silly idealTree │ └── esprima@2.7.3
95 silly idealTree ├── registry-auth-token@3.0.1
95 silly idealTree ├── registry-url@3.1.0
95 silly idealTree ├── regjsgen@0.2.0
95 silly idealTree ├── regjsparser@0.1.5
95 silly idealTree ├── repeat-element@1.1.2
95 silly idealTree ├── repeat-string@1.5.4
95 silly idealTree ├── repeating@2.0.1
95 silly idealTree ├── replace-ext@0.0.1
95 silly idealTree ├── request@2.75.0
95 silly idealTree ├── require-directory@2.1.1
95 silly idealTree ├── require-main-filename@1.0.1
95 silly idealTree ├── resolve@1.1.7
95 silly idealTree ├── restore-cursor@1.0.1
95 silly idealTree ├── right-align@0.1.3
95 silly idealTree ├── rimraf@2.5.4
95 silly idealTree ├── ripemd160@0.2.0
95 silly idealTree ├── run-async@0.1.0
95 silly idealTree ├── run-series@1.1.4
95 silly idealTree ├── rx-lite@3.1.2
95 silly idealTree ├── sanitize-filename@1.6.0
95 silly idealTree ├── sax@1.2.1
95 silly idealTree ├─┬ semver-diff@2.1.0
95 silly idealTree │ └── semver@5.3.0
95 silly idealTree ├── semver@4.3.6
95 silly idealTree ├── set-blocking@2.0.0
95 silly idealTree ├── set-immediate-shim@1.0.1
95 silly idealTree ├── sha.js@2.2.6
95 silly idealTree ├── shebang-regex@1.0.0
95 silly idealTree ├── shelljs@0.5.3
95 silly idealTree ├── signal-exit@3.0.1
95 silly idealTree ├── simple-fmt@0.1.0
95 silly idealTree ├── simple-is@0.2.0
95 silly idealTree ├── single-line-log@0.4.1
95 silly idealTree ├── slash@1.0.0
95 silly idealTree ├── slide@1.1.6
95 silly idealTree ├── sntp@1.0.9
95 silly idealTree ├── source-list-map@0.1.6
95 silly idealTree ├── source-map-support@0.4.2
95 silly idealTree ├── source-map@0.1.32
95 silly idealTree ├── sparkles@1.0.0
95 silly idealTree ├── spdx-correct@1.0.2
95 silly idealTree ├── spdx-expression-parse@1.0.3
95 silly idealTree ├── spdx-license-ids@1.2.2
95 silly idealTree ├── speedometer@0.1.4
95 silly idealTree ├── sprintf-js@1.0.3
95 silly idealTree ├─┬ sshpk@1.10.0
95 silly idealTree │ └── assert-plus@1.0.0
95 silly idealTree ├── stable@0.1.5
95 silly idealTree ├─┬ stream-browserify@1.0.0
95 silly idealTree │ ├── isarray@0.0.1
95 silly idealTree │ └── readable-stream@1.1.14
95 silly idealTree ├── string_decoder@0.10.31
95 silly idealTree ├── string-width@1.0.2
95 silly idealTree ├── stringmap@0.2.2
95 silly idealTree ├── stringset@0.2.1
95 silly idealTree ├── stringstream@0.0.5
95 silly idealTree ├── strip-ansi@3.0.1
95 silly idealTree ├── strip-bom@2.0.0
95 silly idealTree ├── strip-indent@1.0.1
95 silly idealTree ├── strip-json-comments@1.0.4
95 silly idealTree ├── supports-color@2.0.0
95 silly idealTree ├── symbol-tree@3.1.4
95 silly idealTree ├── tapable@0.1.10
95 silly idealTree ├── tar-stream@1.5.2
95 silly idealTree ├── tar@2.2.1
95 silly idealTree ├── tempfile@1.1.1
95 silly idealTree ├── text-table@0.2.0
95 silly idealTree ├── throttleit@0.0.2
95 silly idealTree ├── through@2.3.8
95 silly idealTree ├─┬ through2@0.2.3
95 silly idealTree │ ├── isarray@0.0.1
95 silly idealTree │ ├── readable-stream@1.1.14
95 silly idealTree │ └── xtend@2.1.2
95 silly idealTree ├── time-stamp@1.0.1
95 silly idealTree ├── timed-out@2.0.0
95 silly idealTree ├── timers-browserify@1.4.2
95 silly idealTree ├── to-fast-properties@1.0.2
95 silly idealTree ├─┬ touch@0.0.3
95 silly idealTree │ └── nopt@1.0.10
95 silly idealTree ├── tough-cookie@2.3.1
95 silly idealTree ├── tr46@0.0.3
95 silly idealTree ├── traverse@0.3.9
95 silly idealTree ├── trim-newlines@1.0.0
95 silly idealTree ├── trim-right@1.0.1
95 silly idealTree ├── truncate-utf8-bytes@1.0.1
95 silly idealTree ├── try-resolve@1.0.1
95 silly idealTree ├── tryit@1.0.2
95 silly idealTree ├── tryor@0.1.2
95 silly idealTree ├── tty-browserify@0.0.0
95 silly idealTree ├── tunnel-agent@0.4.3
95 silly idealTree ├── tweetnacl@0.13.3
95 silly idealTree ├── type-check@0.3.2
95 silly idealTree ├── typedarray@0.0.6
95 silly idealTree ├─┬ uglify-js@2.7.3
95 silly idealTree │ ├── async@0.2.10
95 silly idealTree │ ├── camelcase@1.2.1
95 silly idealTree │ ├── cliui@2.1.0
95 silly idealTree │ ├── source-map@0.5.6
95 silly idealTree │ ├── window-size@0.1.0
95 silly idealTree │ ├── wordwrap@0.0.2
95 silly idealTree │ └── yargs@3.10.0
95 silly idealTree ├── uglify-to-browserify@1.0.2
95 silly idealTree ├── uid-number@0.0.5
95 silly idealTree ├── unzip-response@1.0.1
95 silly idealTree ├── update-notifier@1.0.2
95 silly idealTree ├── url-parse-lax@1.0.0
95 silly idealTree ├─┬ url@0.10.3
95 silly idealTree │ └── punycode@1.3.2
95 silly idealTree ├── user-home@2.0.0
95 silly idealTree ├── utf8-byte-length@1.0.3
95 silly idealTree ├── util-deprecate@1.0.2
95 silly idealTree ├── util-extend@1.0.3
95 silly idealTree ├─┬ util@0.10.3
95 silly idealTree │ └── inherits@2.0.1
95 silly idealTree ├── uuid-1345@0.99.6
95 silly idealTree ├── uuid@2.0.3
95 silly idealTree ├── validate-npm-package-license@3.0.1
95 silly idealTree ├── verror@1.3.6
95 silly idealTree ├── vinyl@0.5.3
95 silly idealTree ├── vm-browserify@0.0.4
95 silly idealTree ├─┬ watchpack@0.2.9
95 silly idealTree │ └── async@0.9.2
95 silly idealTree ├── webidl-conversions@2.0.1
95 silly idealTree ├─┬ webpack-core@0.6.8
95 silly idealTree │ └── source-map@0.4.4
95 silly idealTree ├── webpack-target-electron-renderer@0.3.0
95 silly idealTree ├─┬ webpack@1.13.2
95 silly idealTree │ ├── acorn@3.3.0
95 silly idealTree │ ├── async@1.5.2
95 silly idealTree │ ├── camelcase@1.2.1
95 silly idealTree │ ├── cliui@2.1.0
95 silly idealTree │ ├── source-map@0.5.6
95 silly idealTree │ ├── supports-color@3.1.2
95 silly idealTree │ ├─┬ uglify-js@2.6.4
95 silly idealTree │ │ └── async@0.2.10
95 silly idealTree │ ├── window-size@0.1.0
95 silly idealTree │ ├── wordwrap@0.0.2
95 silly idealTree │ └── yargs@3.10.0
95 silly idealTree ├── whatwg-url-compat@0.6.5
95 silly idealTree ├── which-module@1.0.0
95 silly idealTree ├── which@1.2.11
95 silly idealTree ├── wide-align@1.1.0
95 silly idealTree ├── widest-line@1.0.0
95 silly idealTree ├── window-size@0.2.0
95 silly idealTree ├── wordwrap@0.0.3
95 silly idealTree ├── wrap-ansi@2.0.0
95 silly idealTree ├── wrappy@1.0.2
95 silly idealTree ├── write-file-atomic@1.2.0
95 silly idealTree ├── write@0.2.1
95 silly idealTree ├── xdg-basedir@2.0.0
95 silly idealTree ├── xml-escape@1.0.0
95 silly idealTree ├── xml-name-validator@2.0.1
95 silly idealTree ├── xmlbuilder@8.2.2
95 silly idealTree ├── xmldom@0.1.22
95 silly idealTree ├── xtend@4.0.1
95 silly idealTree ├── y18n@3.2.1
95 silly idealTree ├─┬ yargs-parser@3.2.0
95 silly idealTree │ └── camelcase@3.0.0
95 silly idealTree ├── yargs@5.0.0
95 silly idealTree ├── yauzl@2.4.1
95 silly idealTree └── zip-stream@1.1.0
96 silly generateActionsToTake Starting
97 silly install generateActionsToTake
98 silly generateActionsToTake Finishing
99 silly diffTrees action count 0
100 silly decomposeActions action count 0
101 silly executeActions Starting
102 silly install executeActions
103 silly doSerial global-install 0
104 silly doParallel fetch 0
105 verbose correctMkdir /home/pranav/.npm/_locks correctMkdir not in flight; initializing
106 verbose lock using /home/pranav/.npm/_locks/staging-e9fd5eb1835ca856.lock for /home/pranav/FastFlow/node_modules/.staging
107 silly doParallel extract 0
108 silly doParallel preinstall 0
109 silly doReverseSerial remove 0
110 silly doSerial move 0
111 silly doSerial finalize 0
112 silly doSerial build 0
113 silly doSerial global-link 0
114 silly doParallel update-linked 0
115 silly doSerial install 0
116 silly doSerial postinstall 0
117 verbose unlock done using /home/pranav/.npm/_locks/staging-e9fd5eb1835ca856.lock for /home/pranav/FastFlow/node_modules/.staging
118 silly executeActions Finishing
119 silly rollbackFailedOptional Starting
120 silly rollbackFailedOptional Finishing
121 silly runTopLevelLifecycles Starting
122 silly install runTopLevelLifecycles
123 silly preinstall FastFlow@0.8.0 /home/pranav/FastFlow/FastFlow-5f878a7a
124 info lifecycle FastFlow@0.8.0~preinstall: FastFlow@0.8.0
125 silly lifecycle FastFlow@0.8.0~preinstall: no script for preinstall, continuing
126 silly build FastFlow@0.8.0
127 info linkStuff FastFlow@0.8.0
128 silly linkStuff FastFlow@0.8.0 has /home/pranav as its parent node_modules
129 verbose linkBins FastFlow@0.8.0
130 verbose linkMans FastFlow@0.8.0
131 silly install FastFlow@0.8.0 /home/pranav/FastFlow/FastFlow-5f878a7a
132 info lifecycle FastFlow@0.8.0~install: FastFlow@0.8.0
133 silly lifecycle FastFlow@0.8.0~install: no script for install, continuing
134 silly postinstall FastFlow@0.8.0 /home/pranav/FastFlow/FastFlow-5f878a7a
135 info lifecycle FastFlow@0.8.0~postinstall: FastFlow@0.8.0
136 verbose lifecycle FastFlow@0.8.0~postinstall: unsafe-perm in lifecycle true
137 verbose lifecycle FastFlow@0.8.0~postinstall: PATH: /usr/lib/node_modules/npm/bin/node-gyp-bin:/home/pranav/FastFlow/node_modules/.bin:/home/pranav/GNUstep/Tools:/usr/local/sbin:/usr/local/bin:/usr/bin:/usr/lib/jvm/default/bin:/usr/bin/site_perl:/usr/bin/vendor_perl:/usr/bin/core_perl
138 verbose lifecycle FastFlow@0.8.0~postinstall: CWD: /home/pranav/FastFlow
139 silly lifecycle FastFlow@0.8.0~postinstall: Args: [ '-c', 'install-app-deps' ]
140 silly lifecycle FastFlow@0.8.0~postinstall: Returned: code: 255  signal: null
141 info lifecycle FastFlow@0.8.0~postinstall: Failed to exec postinstall script
142 warn optional Skipping failed optional dependency /electron-builder/appdmg-tf:
143 warn notsup Not compatible with your operating system or architecture: appdmg-tf@0.4.9
144 warn optional Skipping failed optional dependency /7zip-bin/7zip-bin-osx:
145 warn notsup Not compatible with your operating system or architecture: 7zip-bin-osx@1.0.0
146 warn optional Skipping failed optional dependency /7zip-bin/7zip-bin-win:
147 warn notsup Not compatible with your operating system or architecture: 7zip-bin-win@2.0.1
148 warn optional Skipping failed optional dependency /chokidar/fsevents:
149 warn notsup Not compatible with your operating system or architecture: fsevents@1.0.14
150 verbose stack Error: FastFlow@0.8.0 postinstall: `install-app-deps`
150 verbose stack Exit status 255
150 verbose stack     at EventEmitter.<anonymous> (/usr/lib/node_modules/npm/lib/utils/lifecycle.js:255:16)
150 verbose stack     at emitTwo (events.js:106:13)
150 verbose stack     at EventEmitter.emit (events.js:191:7)
150 verbose stack     at ChildProcess.<anonymous> (/usr/lib/node_modules/npm/lib/utils/spawn.js:40:14)
150 verbose stack     at emitTwo (events.js:106:13)
150 verbose stack     at ChildProcess.emit (events.js:191:7)
150 verbose stack     at maybeClose (internal/child_process.js:877:16)
150 verbose stack     at Process.ChildProcess._handle.onexit (internal/child_process.js:226:5)
151 verbose pkgid FastFlow@0.8.0
152 verbose cwd /home/pranav/FastFlow
153 error Linux 4.7.2-1-ARCH
154 error argv "/usr/bin/node" "/usr/bin/npm" "install"
155 error node v6.5.0
156 error npm  v3.10.6
157 error code ELIFECYCLE
158 error FastFlow@0.8.0 postinstall: `install-app-deps`
158 error Exit status 255
159 error Failed at the FastFlow@0.8.0 postinstall script 'install-app-deps'.
159 error Make sure you have the latest version of node.js and npm installed.
159 error If you do, this is most likely a problem with the FastFlow package,
159 error not with npm itself.
159 error Tell the author that this fails on your system:
159 error     install-app-deps
159 error You can get information on how to open an issue for this project with:
159 error     npm bugs FastFlow
159 error Or if that isn't available, you can get their info via:
159 error     npm owner ls FastFlow
159 error There is likely additional logging output above.
160 verbose exit [ 1, true ]
